 ===== EM-algorithm: iteration 0 =====
Iter     Function value   Gradient norm 
     0     2.512192e+01     1.195423e+01
 * time: 0.02359485626220703
     1     2.512130e+01     1.199772e+00
 * time: 16.99696683883667
     2     2.512129e+01     3.177611e-01
 * time: 40.149107933044434
     3     2.512083e+01     1.663881e-01
 * time: 87.74390602111816
     4     2.512063e+01     1.013229e+00
 * time: 119.46440982818604
     5     2.512062e+01     5.189798e-01
 * time: 143.05997586250305
     6     2.512035e+01     6.922937e-01
 * time: 195.67123293876648
     7     2.512032e+01     1.911554e-01
 * time: 220.908185005188
     8     2.512008e+01     2.120262e+00
 * time: 262.2438168525696
     9     2.512006e+01     5.357890e-02
 * time: 286.60325598716736
    10     2.512006e+01     5.309019e-01
 * time: 323.7150459289551
    11     2.511992e+01     4.649066e-01
 * time: 363.75048184394836
    12     2.511992e+01     4.007689e-01
 * time: 387.7911858558655
    13     2.511966e+01     2.250348e+00
 * time: 436.27306604385376
    14     2.511948e+01     1.473501e-01
 * time: 459.8546369075775
    15     2.511949e+01     6.538246e-02
 * time: 484.9115879535675
    16     2.511949e+01     6.117543e-01
 * time: 517.7930219173431
    17     2.511944e+01     1.037075e+00
 * time: 541.7632999420166
    18     2.511920e+01     9.248480e-01
 * time: 573.5674948692322
    19     2.511918e+01     1.015887e+00
 * time: 589.3326859474182
    20     2.511887e+01     1.042463e+00
 * time: 612.779275894165
    21     2.511813e+01     4.344813e-01
 * time: 639.5449068546295
    22     2.511811e+01     3.254780e-01
 * time: 665.2722039222717
    23     2.511810e+01     7.195259e-01
 * time: 690.6640729904175
    24     2.511728e+01     9.467390e-01
 * time: 733.6134819984436
    25     2.511723e+01     1.241518e-01
 * time: 759.3128118515015
    26     2.511723e+01     7.550859e-02
 * time: 784.0975148677826
    27     2.511722e+01     1.355529e-01
 * time: 820.7689719200134
    28     2.511711e+01     5.760979e-02
 * time: 856.6994609832764
    29     2.511677e+01     2.349349e-01
 * time: 872.8678588867188
    30     2.511642e+01     1.082857e+00
 * time: 889.8163199424744
    31     2.511638e+01     9.066395e-02
 * time: 915.8492879867554
    32     2.511638e+01     1.061529e-01
 * time: 942.9367969036102
    33     2.511632e+01     6.540641e-01
 * time: 976.1194770336151
    34     2.511626e+01     1.787890e+00
 * time: 999.858827829361
    35     2.511619e+01     1.309101e+00
 * time: 1025.4723539352417
    36     2.511613e+01     4.623800e-01
 * time: 1043.4190340042114
    37     2.511613e+01     1.721150e-01
 * time: 1067.3847968578339
    38     2.511612e+01     1.083106e-01
 * time: 1092.6840209960938
    39     2.511585e+01     5.082069e-01
 * time: 1125.2252519130707
    40     2.511558e+01     2.980303e-01
 * time: 1151.1754908561707
    41     2.511552e+01     8.370583e-01
 * time: 1166.9285628795624
    42     2.511550e+01     6.021267e-01
 * time: 1190.840015888214
    43     2.511537e+01     6.291236e-01
 * time: 1222.657676935196
    44     2.511529e+01     8.761803e-01
 * time: 1238.5584428310394
    45     2.511528e+01     2.680945e-01
 * time: 1254.6242208480835
    46     2.511525e+01     2.122790e-01
 * time: 1278.236002922058
    47     2.511521e+01     6.766389e-01
 * time: 1302.4694149494171
    48     2.511502e+01     5.352130e-01
 * time: 1335.0603868961334
    49     2.511468e+01     4.376195e-01
 * time: 1359.0530679225922
    50     2.511456e+01     3.095226e-01
 * time: 1387.4612090587616
Iter     Function value   Gradient norm 
     0     2.511456e+01     6.841448e-02
 * time: 2.2172927856445312e-5
     1     2.511447e+01     8.809828e-02
 * time: 15.688171148300171
     2     2.511437e+01     4.669432e-02
 * time: 39.86330604553223
     3     2.511432e+01     2.385662e-02
 * time: 66.85133910179138
     4     2.511425e+01     4.207553e-02
 * time: 98.90384006500244
     5     2.511415e+01     1.413710e-02
 * time: 122.81800699234009
     6     2.511414e+01     1.161235e-02
 * time: 150.29198813438416
     7     2.511413e+01     9.080269e-03
 * time: 173.97873997688293
     8     2.511412e+01     1.592027e-02
 * time: 197.8422520160675
     9     2.511412e+01     9.796952e-03
 * time: 223.15289115905762
    10     2.511411e+01     4.009281e-03
 * time: 256.86998414993286
current likelihood: -71121.63682344132
current error: 0.17114327353875902
 ===== EM-algorithm: iteration 1 =====
Iter     Function value   Gradient norm 
     0     2.511262e+01     1.141266e+01
 * time: 1.2159347534179688e-5
     1     2.511214e+01     1.177268e+00
 * time: 16.415789127349854
     2     2.511213e+01     3.647225e-01
 * time: 40.86777901649475
     3     2.511165e+01     2.901215e+00
 * time: 89.65681600570679
     4     2.511166e+01     8.114322e-02
 * time: 113.62455201148987
     5     2.511160e+01     1.266867e+00
 * time: 161.39847421646118
     6     2.511143e+01     7.297392e-02
 * time: 185.1008641719818
     7     2.511116e+01     8.940249e-01
 * time: 233.84998607635498
     8     2.511115e+01     6.169009e-01
 * time: 649.2287120819092
     9     2.511116e+01     9.668648e-01
 * time: 673.7908520698547
    10     2.511102e+01     4.035683e-01
 * time: 708.1443741321564
    11     2.511100e+01     6.225086e-01
 * time: 735.2675051689148
    12     2.511095e+01     3.561224e-02
 * time: 769.1140401363373
    13     2.511092e+01     3.354518e-02
 * time: 794.5416131019592
    14     2.511067e+01     4.967910e-01
 * time: 835.3090682029724
    15     2.511068e+01     2.132537e-01
 * time: 853.4556381702423
    16     2.511068e+01     1.194857e-01
 * time: 877.7531101703644
    17     2.511067e+01     6.026344e-02
 * time: 903.398430109024
    18     2.511059e+01     1.585808e+00
 * time: 943.4185390472412
    19     2.511053e+01     7.354123e-02
 * time: 968.3240370750427
    20     2.511053e+01     7.728188e-02
 * time: 992.4433240890503
    21     2.511009e+01     9.035078e-01
 * time: 1033.3307151794434
    22     2.511005e+01     3.421662e-01
 * time: 1049.3858261108398
    23     2.511002e+01     1.483110e-01
 * time: 1074.409989118576
    24     2.511000e+01     1.136843e-01
 * time: 1106.9883480072021
    25     2.510996e+01     3.524685e-01
 * time: 1139.3194031715393
    26     2.510995e+01     6.481650e-01
 * time: 1155.2824730873108
    27     2.510967e+01     1.303585e-01
 * time: 1187.7894690036774
    28     2.510964e+01     1.060128e+00
 * time: 1204.1514120101929
    29     2.510959e+01     3.022337e-01
 * time: 1228.1801691055298
    30     2.510939e+01     2.322427e+00
 * time: 1252.1428170204163
    31     2.510906e+01     3.535869e-01
 * time: 1276.230485200882
    32     2.510902e+01     4.253093e-02
 * time: 1300.8186111450195
    33     2.510901e+01     1.474918e-01
 * time: 1317.0390892028809
    34     2.510901e+01     8.598062e-02
 * time: 1340.847894191742
    35     2.510899e+01     1.650362e-01
 * time: 1357.2956461906433
    36     2.510891e+01     6.089697e-01
 * time: 1382.0337340831757
    37     2.510886e+01     8.694675e-01
 * time: 1397.99747300148
    38     2.510883e+01     1.242715e-01
 * time: 1422.7939031124115
    39     2.510883e+01     1.064156e-01
 * time: 1455.13236618042
    40     2.510883e+01     2.254828e-01
 * time: 1472.2597970962524
    41     2.510876e+01     7.552894e-01
 * time: 1500.3049981594086
    42     2.510871e+01     1.192666e-01
 * time: 1516.5891029834747
    43     2.510864e+01     9.192823e-01
 * time: 1548.9752311706543
    44     2.510816e+01     1.235374e+00
 * time: 1573.777710199356
    45     2.510807e+01     8.644511e-02
 * time: 1589.630665063858
    46     2.510808e+01     1.953521e-01
 * time: 1614.2421071529388
    47     2.510752e+01     2.929449e-01
 * time: 1654.3142940998077
    48     2.510742e+01     1.877210e+00
 * time: 1670.5536050796509
    49     2.510741e+01     8.491147e-01
 * time: 1694.266751050949
    50     2.510739e+01     1.875287e-01
 * time: 1710.6087851524353
Iter     Function value   Gradient norm 
     0     2.510739e+01     1.875287e-01
 * time: 1.6927719116210938e-5
     1     2.510723e+01     1.326071e-01
 * time: 24.05458402633667
     2     2.510671e+01     1.453658e-01
 * time: 49.47103190422058
     3     2.510643e+01     4.250841e-02
 * time: 73.39530491828918
     4     2.510640e+01     1.315591e-02
 * time: 97.30915784835815
     5     2.510641e+01     1.452478e-02
 * time: 121.2583839893341
     6     2.510638e+01     1.240341e-02
 * time: 144.9467179775238
     7     2.510633e+01     2.531330e-02
 * time: 168.82851099967957
     8     2.510632e+01     1.107210e-02
 * time: 184.6826469898224
     9     2.510630e+01     1.129266e-02
 * time: 208.0851709842682
    10     2.510629e+01     1.332009e-02
 * time: 232.14778304100037
current likelihood: -71092.38137383558
current error: 0.14561552211817475
 ===== EM-algorithm: iteration 2 =====
Iter     Function value   Gradient norm 
     0     2.511050e+01     1.190261e+01
 * time: 1.2159347534179688e-5
     1     2.510986e+01     1.178139e+00
 * time: 15.795090198516846
     2     2.510985e+01     3.268560e-01
 * time: 42.0115270614624
     3     2.510927e+01     8.565365e-01
 * time: 90.66112303733826
     4     2.510916e+01     2.240864e+00
 * time: 114.29419898986816
     5     2.510905e+01     7.730931e-02
 * time: 536.2263541221619
     6     2.510905e+01     7.730931e-02
 * time: 1050.2413351535797
     7     2.510905e+01     7.730931e-02
 * time: 1594.1222460269928
Iter     Function value   Gradient norm 
     0     2.510905e+01     7.730931e-02
 * time: 1.2159347534179688e-5
     1     2.510905e+01     7.730931e-02
 * time: 624.0612981319427
     2     2.510905e+01     7.730931e-02
 * time: 1144.2297880649567
     3     2.510905e+01     7.730931e-02
 * time: 1758.3902311325073
     4     2.510905e+01     7.730931e-02
 * time: 2391.2065789699554
     5     2.510905e+01     7.730931e-02
 * time: 2995.0872921943665
     6     2.510905e+01     7.730931e-02
 * time: 3571.9321529865265
     7     2.510905e+01     7.730931e-02
 * time: 4181.110404968262
     8     2.510905e+01     7.730931e-02
 * time: 4786.933698177338
     9     2.510905e+01     7.730931e-02
 * time: 5354.236529111862
    10     2.510905e+01     7.730931e-02
 * time: 5934.946909189224
current likelihood: -71072.80470234457
current error: 0.002459147684761298
 ===== EM-algorithm: iteration 3 =====
Iter     Function value   Gradient norm 
     0     2.512695e+01     1.047198e+01
 * time: 1.0967254638671875e-5
     1     2.512639e+01     1.065450e+00
 * time: 15.936882019042969
     2     2.512639e+01     5.293104e-01
 * time: 439.5021941661835
     3     2.512639e+01     5.293104e-01
 * time: 1075.3243780136108
Iter     Function value   Gradient norm 
     0     2.512639e+01     1.279430e-01
 * time: 1.3828277587890625e-5
     1     2.512628e+01     7.961494e-02
 * time: 16.086307764053345
     2     2.512620e+01     6.373442e-02
 * time: 42.649627923965454
     3     2.512616e+01     4.846240e-02
 * time: 444.45021080970764
     4     2.512616e+01     4.846240e-02
 * time: 1037.902408838272
     5     2.512616e+01     4.846240e-02
 * time: 1666.120059967041
     6     2.512616e+01     4.846240e-02
 * time: 2217.818384885788
     7     2.512616e+01     4.846240e-02
 * time: 2777.317519903183
     8     2.512616e+01     4.846240e-02
 * time: 3348.0787189006805
     9     2.512616e+01     4.846240e-02
 * time: 3909.4271869659424
    10     2.512616e+01     4.846240e-02
 * time: 4530.508063793182
current likelihood: -71071.77347319454
current error: 0.0015729739401608711
 ===== EM-algorithm: iteration 4 =====
Iter     Function value   Gradient norm 
     0     2.513720e+01     8.663561e+00
 * time: 2.193450927734375e-5
     1     2.513685e+01     9.132021e-01
 * time: 16.665114879608154
     2     2.513684e+01     2.990870e-01
 * time: 40.381871938705444
     3     2.513656e+01     1.081641e-01
 * time: 88.78234004974365
     4     2.513616e+01     2.564975e-01
 * time: 121.37741684913635
     5     2.513585e+01     2.244980e-01
 * time: 145.35018301010132
     6     2.513569e+01     5.469976e-01
 * time: 169.61701488494873
     7     2.513568e+01     4.168186e-01
 * time: 194.83714890480042
     8     2.513555e+01     4.311141e-01
 * time: 243.83000302314758
     9     2.513553e+01     5.710151e-02
 * time: 267.3396530151367
    10     2.513550e+01     4.765058e-01
 * time: 666.8214528560638
    11     2.513552e+01     7.068906e-01
 * time: 1103.4318408966064
    12     2.513545e+01     8.373431e-02
 * time: 1127.2323389053345
    13     2.513543e+01     1.987138e-01
 * time: 1151.3393099308014
    14     2.513537e+01     7.869775e-01
 * time: 1191.7239470481873
    15     2.513516e+01     1.830559e+00
 * time: 1224.97332406044
    16     2.513478e+01     9.323789e-01
 * time: 1248.8851370811462
    17     2.513476e+01     1.153381e-01
 * time: 1273.2933249473572
    18     2.513476e+01     3.148866e-01
 * time: 1289.9969489574432
    19     2.513472e+01     6.354600e-01
 * time: 1329.9387998580933
    20     2.513450e+01     9.323639e-01
 * time: 1361.618136882782
    21     2.513447e+01     4.942214e-01
 * time: 1378.0351140499115
    22     2.513443e+01     8.392245e-01
 * time: 1401.876893043518
    23     2.513421e+01     1.014322e+00
 * time: 1434.5602729320526
    24     2.513420e+01     1.516840e-01
 * time: 1450.505399942398
    25     2.513418e+01     7.722110e-01
 * time: 1477.304027080536
    26     2.513386e+01     1.713647e-01
 * time: 1518.4829559326172
    27     2.513381e+01     7.870071e-01
 * time: 1534.9897019863129
    28     2.513366e+01     3.504570e-01
 * time: 1559.173152923584
    29     2.513365e+01     1.602618e-01
 * time: 1575.6644768714905
    30     2.513364e+01     4.309270e-02
 * time: 1600.4857668876648
    31     2.513358e+01     3.242505e-01
 * time: 1640.5392758846283
    32     2.513348e+01     9.240787e-01
 * time: 1664.848746061325
    33     2.513344e+01     2.631125e+00
 * time: 1682.1353070735931
    34     2.513334e+01     3.696544e-01
 * time: 1706.196449995041
    35     2.513333e+01     4.670324e-02
 * time: 1730.5652389526367
    36     2.513332e+01     3.899375e-02
 * time: 1757.2252550125122
    37     2.513332e+01     3.345170e-01
 * time: 1773.4026250839233
    38     2.513332e+01     9.569138e-02
 * time: 1798.9537780284882
    39     2.513331e+01     1.576605e-01
 * time: 1831.5111289024353
    40     2.513330e+01     8.637506e-02
 * time: 1847.3840329647064
    41     2.513329e+01     4.260605e-01
 * time: 1871.7395858764648
    42     2.513327e+01     1.230870e-01
 * time: 1905.9367859363556
    43     2.513321e+01     9.688013e-01
 * time: 1941.518532037735
    44     2.513318e+01     2.615683e-01
 * time: 1965.4882180690765
    45     2.513317e+01     1.098036e-01
 * time: 1989.802514076233
    46     2.513315e+01     1.029362e+00
 * time: 2013.8713178634644
    47     2.513308e+01     1.278439e-01
 * time: 2046.1940050125122
    48     2.513301e+01     1.614192e-01
 * time: 2071.14391207695
    49     2.513301e+01     6.567533e-01
 * time: 2086.67010307312
    50     2.513298e+01     8.793117e-01
 * time: 2119.373866081238
Iter     Function value   Gradient norm 
     0     2.513298e+01     1.735055e-01
 * time: 1.71661376953125e-5
     1     2.513275e+01     6.128774e-02
 * time: 15.680525064468384
     2     2.513272e+01     2.629957e-02
 * time: 32.09160113334656
     3     2.513271e+01     2.207572e-02
 * time: 57.805822134017944
     4     2.513266e+01     1.742635e-02
 * time: 90.3417420387268
     5     2.513263e+01     2.026471e-02
 * time: 114.17142510414124
     6     2.513255e+01     1.416340e-02
 * time: 138.1256341934204
     7     2.513254e+01     1.384333e-02
 * time: 155.54278111457825
     8     2.513254e+01     4.799780e-03
 * time: 179.57818603515625
     9     2.513253e+01     4.013408e-03
 * time: 203.90986108779907
    10     2.513251e+01     1.148237e-02
 * time: 235.93939399719238
current likelihood: -71075.42788082827
current error: -3.654407633730443
