 ===== EM-algorithm: iteration 0 =====
Iter     Function value   Gradient norm 
     0     4.176391e+00     2.485987e+00
 * time: 0.0382230281829834
     1     4.175496e+00     2.245208e-01
 * time: 62.4987530708313
     2     4.175479e+00     5.721099e-01
 * time: 76.13312697410583
     3     4.175318e+00     3.040661e-01
 * time: 89.67415189743042
     4     4.069254e+00     1.081607e+00
 * time: 117.90367698669434
     5     4.000665e+00     1.114968e+00
 * time: 131.6452338695526
     6     3.993284e+00     1.894253e+00
 * time: 138.74975299835205
     7     3.976123e+00     5.417549e+00
 * time: 148.51519393920898
     8     3.969664e+00     9.238779e+00
 * time: 155.38604593276978
     9     3.947439e+00     7.774925e+00
 * time: 168.53426790237427
    10     3.914025e+00     4.053518e-01
 * time: 178.69995594024658
    11     3.866841e+00     8.865865e-01
 * time: 192.7909870147705
    12     3.810969e+00     2.377111e+00
 * time: 203.65031909942627
    13     3.675849e+00     1.949574e-01
 * time: 213.60547399520874
    14     3.669057e+00     1.507160e+00
 * time: 220.6341369152069
    15     3.664705e+00     3.625125e-01
 * time: 234.4136619567871
    16     3.662282e+00     5.726558e-01
 * time: 244.7264370918274
    17     3.606158e+00     2.602207e+00
 * time: 258.40105295181274
    18     3.534342e+00     1.932151e+00
 * time: 268.6849789619446
    19     3.521314e+00     1.776370e-01
 * time: 284.63905096054077
    20     3.519231e+00     1.289871e-01
 * time: 295.05618596076965
current likelihood: -151072.58845579356
current error: 2.4596666482252476
 ===== EM-algorithm: iteration 1 =====
Iter     Function value   Gradient norm 
     0     2.930673e+00     1.865607e+00
 * time: 1.9073486328125e-5
     1     2.929618e+00     2.687791e-01
 * time: 6.115257978439331
     2     2.929356e+00     6.171769e-01
 * time: 15.819113969802856
     3     2.887106e+00     1.175499e+00
 * time: 43.049396991729736
     4     2.882867e+00     1.129240e+00
 * time: 53.27985906600952
     5     2.873595e+00     1.702432e+00
 * time: 67.20301103591919
     6     2.866768e+00     3.577950e-01
 * time: 77.59865093231201
     7     2.860926e+00     3.285042e+00
 * time: 95.04915595054626
     8     2.825924e+00     1.160496e+00
 * time: 108.45911407470703
     9     2.824608e+00     6.437438e-02
 * time: 115.59643912315369
    10     2.824502e+00     5.832758e-02
 * time: 134.71340107917786
    11     2.808070e+00     8.920906e-01
 * time: 151.69752192497253
    12     2.806656e+00     5.650242e-01
 * time: 162.04738807678223
    13     2.804825e+00     1.271482e+00
 * time: 174.604798078537
    14     2.791834e+00     5.270273e-01
 * time: 187.9534809589386
    15     2.787384e+00     1.753572e-01
 * time: 202.57837510108948
    16     2.786218e+00     2.482938e-01
 * time: 212.7454309463501
    17     2.783782e+00     3.585534e-01
 * time: 222.71941900253296
    18     2.782680e+00     5.995842e-01
 * time: 229.4601731300354
    19     2.782089e+00     1.794924e-01
 * time: 242.73703002929688
    20     2.781702e+00     1.458438e-01
 * time: 249.5091359615326
current likelihood: -80836.00827935936
current error: 0.6991349567654447
 ===== EM-algorithm: iteration 2 =====
Iter     Function value   Gradient norm 
     0     2.577371e+00     3.358909e+00
 * time: 1.6927719116210938e-5
     1     2.575381e+00     2.599305e-01
 * time: 6.88080906867981
     2     2.575346e+00     7.764011e-02
 * time: 17.193172931671143
     3     2.572427e+00     1.544063e-01
 * time: 44.426088094711304
     4     2.561124e+00     8.405680e-01
 * time: 57.551345109939575
     5     2.560690e+00     2.354219e-01
 * time: 72.47263503074646
     6     2.560125e+00     1.408682e+00
 * time: 86.57728815078735
     7     2.554648e+00     1.240138e+00
 * time: 100.86653208732605
     8     2.550441e+00     9.214846e-01
 * time: 123.97697901725769
     9     2.548133e+00     2.355959e-01
 * time: 134.24062514305115
    10     2.546320e+00     4.349704e-01
 * time: 147.9696900844574
    11     2.543673e+00     4.236534e-01
 * time: 161.29356408119202
    12     2.539747e+00     4.341868e-01
 * time: 171.21946096420288
    13     2.538830e+00     9.729367e-02
 * time: 178.0259759426117
    14     2.536821e+00     8.789675e-02
 * time: 188.22677302360535
    15     2.531579e+00     4.303007e-01
 * time: 205.5464301109314
    16     2.531330e+00     1.478583e+00
 * time: 212.20578908920288
    17     2.528233e+00     2.223796e-01
 * time: 222.3258330821991
    18     2.527919e+00     1.180448e-01
 * time: 229.28484106063843
    19     2.527866e+00     3.578902e-02
 * time: 243.5980100631714
    20     2.527753e+00     2.406765e-01
 * time: 256.88935112953186
current likelihood: -69580.03444741186
current error: 0.7563410763269933
 ===== EM-algorithm: iteration 3 =====
Iter     Function value   Gradient norm 
     0     2.457408e+00     3.376477e+00
 * time: 6.508827209472656e-5
     1     2.455586e+00     2.113401e-01
 * time: 6.686450958251953
     2     2.455576e+00     5.720059e-02
 * time: 17.223665952682495
     3     2.454255e+00     1.058617e-01
 * time: 40.26809096336365
     4     2.451149e+00     7.065394e-02
 * time: 57.41142010688782
     5     2.450193e+00     6.492396e-02
 * time: 67.72484111785889
     6     2.444986e+00     7.016985e-01
 * time: 81.15455603599548
     7     2.442117e+00     4.808494e-02
 * time: 94.0953369140625
     8     2.441819e+00     5.428243e-02
 * time: 103.6357250213623
     9     2.440714e+00     4.493248e-02
 * time: 113.44634008407593
    10     2.437626e+00     8.234675e-02
 * time: 123.45250701904297
    11     2.434592e+00     1.763177e-01
 * time: 143.2240560054779
    12     2.433276e+00     3.639747e-02
 * time: 153.6132369041443
    13     2.433265e+00     1.795067e-01
 * time: 160.49260210990906
    14     2.433161e+00     4.363293e-02
 * time: 172.01973390579224
    15     2.433101e+00     3.613308e-02
 * time: 181.8945140838623
    16     2.431998e+00     1.337278e-01
 * time: 194.93758296966553
    17     2.430395e+00     3.089859e-01
 * time: 204.92360591888428
    18     2.429641e+00     1.602026e-01
 * time: 215.9142870903015
    19     2.429355e+00     1.420747e-01
 * time: 226.3146460056305
    20     2.429253e+00     2.597182e-02
 * time: 236.52760291099548
current likelihood: -65392.63398570641
current error: 0.5708025930149871
 ===== EM-algorithm: iteration 4 =====
Iter     Function value   Gradient norm 
     0     2.419757e+00     3.311292e+00
 * time: 2.4080276489257812e-5
     1     2.418167e+00     1.930466e-01
 * time: 6.898954153060913
     2     2.418151e+00     4.930785e-02
 * time: 19.09591317176819
     3     2.416798e+00     4.925674e-01
 * time: 42.35799217224121
     4     2.416524e+00     7.095640e-01
 * time: 54.830663204193115
     5     2.415365e+00     8.199832e-02
 * time: 68.06292510032654
     6     2.415309e+00     9.420810e-02
 * time: 78.38029408454895
     7     2.415022e+00     1.296785e-01
 * time: 97.9137921333313
     8     2.414906e+00     4.560566e-02
 * time: 104.5075831413269
     9     2.414796e+00     3.091688e-02
 * time: 114.3306770324707
    10     2.414449e+00     1.553349e-01
 * time: 129.12605500221252
    11     2.414163e+00     8.407469e-01
 * time: 142.12369799613953
    12     2.412766e+00     5.539826e-01
 * time: 155.2589430809021
    13     2.412480e+00     2.371527e-01
 * time: 165.72927498817444
    14     2.412381e+00     1.723101e-01
 * time: 175.40322518348694
    15     2.412279e+00     2.451370e-01
 * time: 184.6920301914215
    16     2.411876e+00     1.284659e+00
 * time: 195.0436601638794
    17     2.408182e+00     6.912497e-01
 * time: 209.25915598869324
    18     2.408018e+00     1.384074e-01
 * time: 216.04920601844788
    19     2.407677e+00     5.179181e-02
 * time: 222.8727240562439
    20     2.407629e+00     4.469114e-02
 * time: 232.80101108551025
current likelihood: -63969.71694998035
current error: 0.24699998376210575
 ===== EM-algorithm: iteration 5 =====
Iter     Function value   Gradient norm 
     0     2.419570e+00     2.945942e+00
 * time: 2.3126602172851562e-5
     1     2.418285e+00     1.501088e-01
 * time: 6.418979167938232
     2     2.418285e+00     3.757365e-02
 * time: 16.101253032684326
     3     2.417717e+00     6.744426e-01
 * time: 41.03270506858826
     4     2.417576e+00     9.576966e-02
 * time: 51.32520008087158
     5     2.417351e+00     1.051991e-01
 * time: 67.51357913017273
     6     2.416543e+00     2.962572e-02
 * time: 79.50672602653503
     7     2.416397e+00     1.022484e-02
 * time: 89.20733213424683
     8     2.416161e+00     3.363793e-02
 * time: 99.51797413825989
     9     2.415814e+00     2.295811e-02
 * time: 109.3726270198822
    10     2.414901e+00     5.317830e-02
 * time: 123.53404712677002
    11     2.414152e+00     2.386356e-02
 * time: 133.16834807395935
    12     2.413096e+00     5.689767e-02
 * time: 146.78348016738892
    13     2.412532e+00     1.984486e-02
 * time: 159.30878400802612
    14     2.412043e+00     1.472312e-01
 * time: 169.74383211135864
    15     2.412032e+00     5.432955e-02
 * time: 176.3549280166626
    16     2.411590e+00     1.244058e-01
 * time: 186.91284823417664
    17     2.411495e+00     1.619034e-02
 * time: 193.46519708633423
    18     2.411449e+00     3.360160e-02
 * time: 202.94825410842896
    19     2.411097e+00     2.768970e-01
 * time: 216.27033805847168
    20     2.410856e+00     2.781404e-02
 * time: 228.21610713005066
current likelihood: -62201.50131187775
current error: 0.26335784269406215
 ===== EM-algorithm: iteration 6 =====
Iter     Function value   Gradient norm 
     0     2.423975e+00     2.753798e+00
 * time: 2.002716064453125e-5
     1     2.422855e+00     1.205419e-01
 * time: 6.854156970977783
     2     2.422851e+00     3.518741e-02
 * time: 16.728082180023193
     3     2.422414e+00     1.064210e-01
 * time: 41.09664511680603
     4     2.421696e+00     1.009924e+00
 * time: 55.05979609489441
     5     2.421494e+00     1.569836e-02
 * time: 64.9779760837555
     6     2.421493e+00     1.024903e-02
 * time: 76.373703956604
     7     2.421476e+00     1.691772e-01
 * time: 92.77585196495056
     8     2.421448e+00     8.572155e-02
 * time: 103.20476818084717
     9     2.421442e+00     6.838553e-02
 * time: 116.1041190624237
    10     2.421359e+00     8.226207e-02
 * time: 133.2100169658661
    11     2.421284e+00     1.037581e-02
 * time: 143.57839918136597
    12     2.421274e+00     1.305882e-02
 * time: 153.5666160583496
    13     2.420964e+00     1.526794e-01
 * time: 166.9981541633606
    14     2.420793e+00     3.334161e-02
 * time: 176.2786660194397
    15     2.420784e+00     1.398714e-02
 * time: 183.2457880973816
    16     2.420745e+00     1.926207e-01
 * time: 196.590656042099
    17     2.420554e+00     7.082964e-02
 * time: 206.1460611820221
    18     2.419878e+00     1.088780e-01
 * time: 216.47121715545654
    19     2.419830e+00     1.807861e-02
 * time: 232.46683406829834
    20     2.419806e+00     3.650628e-01
 * time: 242.9970850944519
current likelihood: -61301.60306402011
current error: 0.11987988099451297
 ===== EM-algorithm: iteration 7 =====
Iter     Function value   Gradient norm 
     0     2.425642e+00     2.735253e+00
 * time: 2.288818359375e-5
     1     2.424571e+00     1.189396e-01
 * time: 6.991472005844116
     2     2.424559e+00     3.619289e-02
 * time: 18.396784782409668
     3     2.424043e+00     6.840049e-01
 * time: 38.32071495056152
     4     2.423988e+00     6.579521e-02
 * time: 47.87093782424927
     5     2.423943e+00     2.315115e-01
 * time: 64.28509593009949
     6     2.423047e+00     1.570666e-01
 * time: 77.53560590744019
     7     2.423034e+00     5.665523e-02
 * time: 89.4003529548645
     8     2.423034e+00     5.674106e-02
 * time: 267.50764179229736
     9     2.422923e+00     3.058353e-02
 * time: 282.28738284111023
    10     2.422839e+00     2.328284e-02
 * time: 292.9462080001831
    11     2.422709e+00     1.870313e-02
 * time: 303.36071586608887
    12     2.422290e+00     2.617282e-01
 * time: 317.8611478805542
    13     2.422201e+00     8.994512e-02
 * time: 324.7608609199524
    14     2.422195e+00     8.500595e-02
 * time: 334.28014397621155
    15     2.422101e+00     6.931682e-02
 * time: 351.51017785072327
    16     2.422046e+00     1.570886e-01
 * time: 361.9738709926605
    17     2.421318e+00     1.574652e-01
 * time: 375.4739809036255
    18     2.421306e+00     2.429342e-01
 * time: 381.81050086021423
    19     2.421297e+00     1.540330e-02
 * time: 392.60262179374695
    20     2.421295e+00     1.548775e-02
 * time: 402.0100688934326
current likelihood: -60825.616797723225
current error: 0.1275069640559119
 ===== EM-algorithm: iteration 8 =====
Iter     Function value   Gradient norm 
     0     2.429919e+00     2.642854e+00
 * time: 2.09808349609375e-5
     1     2.428923e+00     1.090915e-01
 * time: 6.792354106903076
     2     2.428922e+00     3.591219e-02
 * time: 16.52013611793518
     3     2.428500e+00     1.087427e+00
 * time: 40.18948197364807
     4     2.428248e+00     8.944188e-02
 * time: 50.3986759185791
     5     2.427661e+00     3.955312e-01
 * time: 74.70540404319763
     6     2.427514e+00     7.497208e-03
 * time: 84.82974600791931
     7     2.427342e+00     1.574571e-01
 * time: 102.61270594596863
     8     2.427329e+00     1.277295e-01
 * time: 286.26935505867004
     9     2.427329e+00     1.277295e-01
 * time: 541.6951041221619
    10     2.427329e+00     1.277295e-01
 * time: 813.9050431251526
    11     2.427329e+00     1.277295e-01
 * time: 1062.1703281402588
    12     2.427329e+00     1.277295e-01
 * time: 1323.652176141739
current likelihood: -60585.13288657289
current error: 0.036845727676474205
 ===== EM-algorithm: iteration 9 =====
Iter     Function value   Gradient norm 
     0     2.424537e+00     2.716387e+00
 * time: 1.1920928955078125e-5
     1     2.423526e+00     1.062640e-01
 * time: 6.613157033920288
     2     2.423523e+00     3.583444e-02
 * time: 16.640820026397705
     3     2.423276e+00     7.522349e-02
 * time: 37.26888084411621
     4     2.422601e+00     4.063321e-01
 * time: 50.16572594642639
     5     2.422425e+00     6.735811e-02
 * time: 60.286823987960815
     6     2.422416e+00     3.313981e-02
 * time: 70.38983702659607
     7     2.422368e+00     3.048333e-01
 * time: 88.54185581207275
     8     2.422347e+00     1.038823e-02
 * time: 98.87102699279785
     9     2.422345e+00     2.119818e-02
 * time: 109.31490588188171
    10     2.422245e+00     2.384500e-01
 * time: 131.14354991912842
    11     2.422021e+00     1.090252e-02
 * time: 141.32006788253784
    12     2.422014e+00     1.258284e-02
 * time: 151.75153493881226
    13     2.421707e+00     1.321008e-01
 * time: 169.63015794754028
    14     2.421646e+00     3.291107e-02
 * time: 176.0649049282074
    15     2.421555e+00     1.395780e-01
 * time: 186.27607703208923
    16     2.421507e+00     1.695474e-01
 * time: 203.9797968864441
    17     2.421009e+00     7.160672e-02
 * time: 214.46059203147888
    18     2.420538e+00     5.530880e-01
 * time: 228.34602093696594
    19     2.420288e+00     8.413704e-02
 * time: 239.25271701812744
    20     2.420285e+00     2.090647e-02
 * time: 245.71455001831055
current likelihood: -60374.65251017841
current error: 0.14442313575598043
 ===== EM-algorithm: iteration 10 =====
Iter     Function value   Gradient norm 
     0     2.431323e+00     2.417528e+00
 * time: 2.09808349609375e-5
     1     2.430611e+00     1.007633e-01
 * time: 6.771326065063477
     2     2.430609e+00     3.340681e-02
 * time: 17.02934718132019
     3     2.430293e+00     9.536943e-01
 * time: 40.923588037490845
     4     2.430046e+00     7.424561e-02
 * time: 50.66656303405762
     5     2.429996e+00     7.076261e-01
 * time: 71.888906955719
     6     2.429555e+00     4.201077e-02
 * time: 82.38088917732239
     7     2.429553e+00     9.483803e-02
 * time: 92.7239100933075
     8     2.429473e+00     2.999874e-02
 * time: 106.27559518814087
     9     2.429469e+00     1.537129e-02
 * time: 115.6837830543518
    10     2.429436e+00     2.519652e-01
 * time: 128.86381316184998
    11     2.429268e+00     7.791531e-03
 * time: 142.2643711566925
    12     2.429262e+00     3.478734e-02
 * time: 155.272292137146
    13     2.429118e+00     1.524387e-01
 * time: 172.17199206352234
    14     2.429085e+00     4.010660e-02
 * time: 181.57101607322693
    15     2.429083e+00     9.237215e-03
 * time: 188.34163999557495
    16     2.429046e+00     2.855432e-02
 * time: 208.46093201637268
    17     2.429040e+00     2.361327e-01
 * time: 215.31879806518555
    18     2.428826e+00     6.185136e-02
 * time: 229.20145511627197
    19     2.428824e+00     2.472890e-02
 * time: 239.8898811340332
    20     2.428802e+00     3.426021e-02
 * time: 257.67215514183044
current likelihood: -60084.1697262724
current error: 0.08081972074439125
 ===== EM-algorithm: iteration 11 =====
Iter     Function value   Gradient norm 
     0     2.431838e+00     2.269677e+00
 * time: 1.7881393432617188e-5
     1     2.431212e+00     9.546930e-02
 * time: 6.293282985687256
     2     2.431209e+00     3.277807e-02
 * time: 16.635820865631104
     3     2.430940e+00     3.554050e-01
 * time: 37.55825090408325
     4     2.430877e+00     2.781657e-01
 * time: 47.56464695930481
     5     2.430639e+00     6.323949e-01
 * time: 61.18319296836853
     6     2.430330e+00     1.469115e-01
 * time: 70.7684268951416
     7     2.430328e+00     7.905995e-02
 * time: 80.76816701889038
     8     2.430238e+00     3.394845e-02
 * time: 98.2470920085907
     9     2.430191e+00     4.752826e-02
 * time: 108.51172208786011
    10     2.430139e+00     2.188519e-01
 * time: 121.6587929725647
    11     2.430043e+00     7.303321e-03
 * time: 133.6066529750824
    12     2.430041e+00     1.566565e-02
 * time: 143.39978504180908
    13     2.429837e+00     2.234260e-01
 * time: 160.34376192092896
    14     2.429795e+00     1.027896e-02
 * time: 169.92761898040771
    15     2.429794e+00     1.976040e-02
 * time: 181.96898007392883
    16     2.429567e+00     9.073048e-02
 * time: 202.13164496421814
    17     2.429567e+00     1.698226e-01
 * time: 208.89309787750244
    18     2.429335e+00     1.111109e-01
 * time: 223.51812386512756
    19     2.429321e+00     4.158110e-02
 * time: 233.96855092048645
    20     2.429232e+00     4.435707e-02
 * time: 248.3788890838623
current likelihood: -59735.37155633173
current error: 0.09504015072178174
 ===== EM-algorithm: iteration 12 =====
Iter     Function value   Gradient norm 
     0     2.435732e+00     2.090419e+00
 * time: 2.002716064453125e-5
     1     2.435231e+00     9.972293e-02
 * time: 6.895446062088013
     2     2.435225e+00     3.865202e-02
 * time: 17.001052141189575
     3     2.435076e+00     7.554735e-02
 * time: 40.642213106155396
     4     2.434835e+00     2.856300e-01
 * time: 54.4900860786438
     5     2.434521e+00     1.519726e-01
 * time: 64.971351146698
     6     2.434389e+00     4.512065e-02
 * time: 75.42706108093262
     7     2.434343e+00     1.071793e-01
 * time: 87.38861894607544
     8     2.434326e+00     5.916740e-02
 * time: 97.52592706680298
     9     2.434308e+00     1.526514e-01
 * time: 111.06524801254272
    10     2.434206e+00     6.912041e-02
 * time: 125.40888500213623
    11     2.434205e+00     1.540079e-02
 * time: 135.12153816223145
    12     2.434199e+00     1.338995e-02
 * time: 152.79128098487854
    13     2.434187e+00     1.907223e-01
 * time: 159.4976360797882
    14     2.434038e+00     7.984008e-03
 * time: 172.93598794937134
    15     2.434035e+00     8.055828e-03
 * time: 182.73824310302734
    16     2.433757e+00     1.137400e-02
 * time: 199.67301106452942
    17     2.433470e+00     3.374005e-02
 * time: 209.9263789653778
    18     2.433400e+00     8.328598e-02
 * time: 219.89638710021973
    19     2.433388e+00     8.510315e-03
 * time: 230.25377106666565
    20     2.433387e+00     4.013813e-02
 * time: 243.3892171382904
current likelihood: -59590.13341782113
current error: 0.09499162504742298
 ===== EM-algorithm: iteration 13 =====
Iter     Function value   Gradient norm 
     0     2.441113e+00     1.990778e+00
 * time: 1.9073486328125e-5
     1     2.440662e+00     1.102277e-01
 * time: 6.913464069366455
     2     2.440661e+00     2.966903e-02
 * time: 19.174542903900146
     3     2.440407e+00     2.453536e-01
 * time: 42.70163607597351
     4     2.440288e+00     6.103644e-01
 * time: 53.298964977264404
     5     2.439963e+00     8.924106e-02
 * time: 66.14920997619629
     6     2.439952e+00     1.265164e-01
 * time: 76.4744029045105
     7     2.439910e+00     2.747722e-02
 * time: 89.85308909416199
     8     2.439905e+00     6.689279e-02
 * time: 100.1884560585022
     9     2.439816e+00     1.649210e-01
 * time: 116.47037410736084
    10     2.439781e+00     5.342422e-03
 * time: 127.3554949760437
    11     2.439780e+00     8.993838e-03
 * time: 136.7601180076599
    12     2.439714e+00     1.375751e-01
 * time: 153.45887398719788
    13     2.439679e+00     1.051595e-02
 * time: 167.96950912475586
    14     2.439679e+00     8.883252e-03
 * time: 178.33589696884155
    15     2.439671e+00     1.770405e-01
 * time: 192.51881909370422
    16     2.439542e+00     6.639702e-02
 * time: 208.95161700248718
    17     2.439530e+00     2.816116e-02
 * time: 215.82926297187805
    18     2.439521e+00     1.869493e-02
 * time: 225.88329005241394
    19     2.439519e+00     1.014587e-01
 * time: 232.843327999115
    20     2.439508e+00     4.561836e-02
 * time: 246.3826060295105
current likelihood: -59378.1656646284
current error: 0.05962038122210522
 ===== EM-algorithm: iteration 14 =====
Iter     Function value   Gradient norm 
     0     2.443533e+00     1.928257e+00
 * time: 2.9087066650390625e-5
     1     2.443126e+00     1.011091e-01
 * time: 6.871396064758301
     2     2.443124e+00     2.976370e-02
 * time: 16.960745096206665
     3     2.442827e+00     1.057456e-01
 * time: 44.199368953704834
     4     2.442484e+00     3.263725e-01
 * time: 57.74361300468445
     5     2.442460e+00     1.023713e-01
 * time: 67.63633799552917
     6     2.442419e+00     6.727196e-02
 * time: 82.21343111991882
     7     2.442408e+00     3.087640e-02
 * time: 92.05768704414368
     8     2.442365e+00     1.960602e-01
 * time: 111.55558395385742
     9     2.442292e+00     4.764574e-03
 * time: 121.8228371143341
    10     2.442291e+00     4.591166e-03
 * time: 132.03412199020386
    11     2.442186e+00     3.810289e-02
 * time: 145.60004115104675
    12     2.442145e+00     1.038681e-01
 * time: 160.99641108512878
    13     2.441988e+00     7.286723e-02
 * time: 174.82788801193237
    14     2.441909e+00     2.308539e-01
 * time: 185.38495898246765
    15     2.441839e+00     5.458837e-02
 * time: 200.31143808364868
    16     2.441836e+00     6.542537e-02
 * time: 207.11625218391418
    17     2.441829e+00     1.808410e-02
 * time: 217.4700951576233
    18     2.441804e+00     5.894205e-03
 * time: 231.30184412002563
    19     2.441803e+00     4.240745e-03
 * time: 241.2063500881195
    20     2.441792e+00     5.457680e-03
 * time: 254.43621301651
current likelihood: -59254.593888390955
current error: 0.0737166417518278
 ===== EM-algorithm: iteration 15 =====
Iter     Function value   Gradient norm 
     0     2.449407e+00     1.900338e+00
 * time: 1.7881393432617188e-5
     1     2.449020e+00     9.358447e-02
 * time: 7.045468091964722
     2     2.449018e+00     2.871757e-02
 * time: 18.164977073669434
     3     2.448629e+00     2.593207e-01
 * time: 41.47369194030762
     4     2.448493e+00     5.853526e-01
 * time: 52.30260396003723
     5     2.448401e+00     8.298986e-02
 * time: 61.86934304237366
     6     2.448395e+00     7.121151e-02
 * time: 71.96699690818787
     7     2.448356e+00     1.256930e-01
 * time: 89.5954339504242
     8     2.448348e+00     3.105157e-02
 * time: 99.40854406356812
     9     2.448339e+00     5.714741e-02
 * time: 109.12468791007996
    10     2.448247e+00     1.130636e-01
 * time: 128.90926694869995
    11     2.448220e+00     2.224121e-02
 * time: 139.33001804351807
    12     2.448219e+00     4.086683e-02
 * time: 149.53596901893616
    13     2.448196e+00     1.459292e-01
 * time: 171.59543108940125
    14     2.448141e+00     8.236726e-02
 * time: 181.58625388145447
    15     2.448139e+00     5.122449e-03
 * time: 192.02224898338318
    16     2.448134e+00     3.881553e-02
 * time: 207.54322600364685
    17     2.448117e+00     3.145515e-01
 * time: 220.80732107162476
    18     2.448063e+00     6.853863e-02
 * time: 234.2604649066925
    19     2.447987e+00     9.690406e-03
 * time: 246.680104970932
    20     2.447986e+00     1.505642e-02
 * time: 253.4580099582672
current likelihood: -59187.80338323477
current error: 0.059431380373049514
 ===== EM-algorithm: iteration 16 =====
Iter     Function value   Gradient norm 
     0     2.453019e+00     1.879556e+00
 * time: 2.8133392333984375e-5
     1     2.452637e+00     9.305323e-02
 * time: 6.817711114883423
     2     2.452635e+00     2.900006e-02
 * time: 17.03724503517151
     3     2.452318e+00     5.414916e-01
 * time: 40.48662519454956
     4     2.452259e+00     1.243493e-01
 * time: 50.29360508918762
     5     2.452076e+00     8.900046e-02
 * time: 71.0736711025238
     6     2.451941e+00     5.981174e-03
 * time: 77.69328808784485
     7     2.451931e+00     1.473055e-02
 * time: 88.1153290271759
     8     2.451829e+00     1.279031e-02
 * time: 103.20861911773682
     9     2.451797e+00     2.497926e-02
 * time: 113.40742611885071
    10     2.451742e+00     1.605429e-02
 * time: 123.28136920928955
    11     2.451723e+00     1.068963e-02
 * time: 133.87014818191528
    12     2.451595e+00     7.724936e-02
 * time: 150.8215811252594
    13     2.451522e+00     6.295684e-03
 * time: 161.00210118293762
    14     2.451492e+00     4.134722e-02
 * time: 173.71669602394104
    15     2.451491e+00     5.766702e-02
 * time: 185.8358290195465
    16     2.451406e+00     7.367239e-03
 * time: 195.97415804862976
    17     2.451400e+00     1.727467e-02
 * time: 206.45076704025269
    18     2.451312e+00     1.803973e-02
 * time: 226.64505004882812
    19     2.451287e+00     1.442114e-02
 * time: 236.7874870300293
    20     2.451257e+00     6.554951e-02
 * time: 247.02906203269958
current likelihood: -59080.53827177426
current error: 0.07873357882256293
 ===== EM-algorithm: iteration 17 =====
Iter     Function value   Gradient norm 
     0     2.458678e+00     1.732257e+00
 * time: 2.384185791015625e-5
     1     2.458359e+00     8.221679e-02
 * time: 6.537967920303345
     2     2.458358e+00     2.868046e-02
 * time: 17.10120701789856
     3     2.458228e+00     6.619020e-01
 * time: 36.929221868515015
     4     2.458137e+00     1.201356e-01
 * time: 49.49139189720154
     5     2.458121e+00     2.230158e-01
 * time: 59.40480995178223
     6     2.457810e+00     4.382757e-01
 * time: 76.20243382453918
     7     2.457713e+00     1.531414e-01
 * time: 87.01030802726746
     8     2.457710e+00     2.282412e-02
 * time: 96.66350603103638
     9     2.457687e+00     2.336320e-02
 * time: 113.08576393127441
    10     2.457679e+00     2.346738e-02
 * time: 125.47143292427063
    11     2.457634e+00     5.342453e-02
 * time: 138.9515678882599
    12     2.457561e+00     4.966893e-02
 * time: 148.9375228881836
    13     2.457554e+00     4.924184e-02
 * time: 164.7878339290619
    14     2.457513e+00     3.329326e-02
 * time: 182.0492238998413
    15     2.457493e+00     1.392528e-02
 * time: 192.57708191871643
    16     2.457468e+00     1.692319e-01
 * time: 207.02806687355042
    17     2.457324e+00     2.129704e-02
 * time: 220.32875180244446
    18     2.457325e+00     5.249084e-03
 * time: 230.12190699577332
    19     2.457321e+00     3.740609e-02
 * time: 236.47941899299622
    20     2.457319e+00     1.153258e-02
 * time: 252.8749098777771
current likelihood: -59031.66998698976
current error: 0.056355838530789626
 ===== EM-algorithm: iteration 18 =====
Iter     Function value   Gradient norm 
     0     2.461762e+00     1.744212e+00
 * time: 7.796287536621094e-5
     1     2.461445e+00     9.229812e-02
 * time: 6.81140398979187
     2     2.461444e+00     2.835923e-02
 * time: 17.079216957092285
     3     2.461383e+00     1.652732e-01
 * time: 39.461426973342896
     4     2.461301e+00     5.512687e-01
 * time: 76.34734892845154
     5     2.460949e+00     6.176917e-02
 * time: 94.50260782241821
     6     2.460933e+00     5.600682e-02
 * time: 104.80871987342834
     7     2.460798e+00     5.515322e-02
 * time: 118.745689868927
     8     2.460770e+00     9.602277e-03
 * time: 129.95012283325195
     9     2.460732e+00     4.756448e-02
 * time: 146.50826501846313
    10     2.460669e+00     3.803535e-03
 * time: 156.57773685455322
    11     2.460635e+00     2.637658e-02
 * time: 171.62909293174744
    12     2.460603e+00     1.099466e-02
 * time: 181.44025301933289
    13     2.460593e+00     2.817520e-01
 * time: 195.31234502792358
    14     2.460451e+00     1.582651e-01
 * time: 208.61006689071655
    15     2.460441e+00     9.232510e-02
 * time: 215.3972339630127
    16     2.460435e+00     6.972917e-03
 * time: 225.35826992988586
    17     2.460433e+00     3.331675e-02
 * time: 241.2406690120697
    18     2.460364e+00     1.649010e-01
 * time: 258.13820004463196
    19     2.460345e+00     1.147573e-01
 * time: 268.5506479740143
    20     2.460334e+00     1.204976e-02
 * time: 281.51148104667664
current likelihood: -58996.19130499917
current error: 0.06050807880164388
 ===== EM-algorithm: iteration 19 =====
Iter     Function value   Gradient norm 
     0     2.465827e+00     1.721278e+00
 * time: 2.002716064453125e-5
     1     2.465529e+00     1.149684e-01
 * time: 6.826855897903442
     2     2.465522e+00     2.786598e-02
 * time: 16.96176791191101
     3     2.465451e+00     7.370307e-02
 * time: 39.95881009101868
     4     2.465186e+00     5.755593e-02
 * time: 50.140121936798096
     5     2.464903e+00     7.134884e-02
 * time: 60.06124401092529
     6     2.464873e+00     1.885115e-02
 * time: 70.75499391555786
     7     2.464853e+00     2.491111e-01
 * time: 83.43438792228699
     8     2.464808e+00     1.332811e-01
 * time: 93.76279902458191
     9     2.464803e+00     5.489772e-03
 * time: 105.8193850517273
    10     2.464803e+00     2.330924e-02
 * time: 115.98762011528015
    11     2.464751e+00     3.154829e-02
 * time: 136.2237091064453
    12     2.464673e+00     3.523954e-02
 * time: 149.3195240497589
    13     2.464634e+00     3.761632e-02
 * time: 159.445405960083
    14     2.464552e+00     1.059245e-01
 * time: 169.8048779964447
    15     2.464547e+00     2.361979e-02
 * time: 180.26908612251282
    16     2.464475e+00     3.689990e-02
 * time: 200.3723599910736
    17     2.464440e+00     3.842067e-02
 * time: 210.36299991607666
    18     2.464438e+00     1.046617e-02
 * time: 216.70826697349548
    19     2.464438e+00     3.272727e-02
 * time: 236.11748504638672
    20     2.464294e+00     1.739445e-01
 * time: 256.98589396476746
current likelihood: -59029.37553206304
current error: -33.184227063866274
