Iter     Function value   Gradient norm 
     0     2.526316e+01     8.013971e+00
 * time: 0.040405988693237305
     1     2.526283e+01     9.185096e-01
 * time: 20.756715059280396
     2     2.526282e+01     4.061951e-01
 * time: 48.68962001800537
     3     2.526181e+01     3.404055e-01
 * time: 103.40045499801636
     4     2.526061e+01     4.220154e-01
 * time: 130.55518698692322
     5     2.525947e+01     5.536262e+00
 * time: 166.89487504959106
     6     2.525940e+01     1.107883e-01
 * time: 194.24179887771606
     7     2.525940e+01     1.056733e-01
 * time: 231.08494806289673
     8     2.525911e+01     7.247704e-02
 * time: 258.24858498573303
     9     2.525891e+01     6.237039e-02
 * time: 284.8422830104828
    10     2.525822e+01     1.634184e-01
 * time: 320.22082805633545
    11     2.525694e+01     7.616023e-02
 * time: 346.7015149593353
    12     2.525636e+01     3.327708e-01
 * time: 373.2585508823395
    13     2.525559e+01     2.929456e+00
 * time: 409.2059850692749
    14     2.525559e+01     1.138135e-01
 * time: 436.49129605293274
    15     2.525556e+01     1.117078e-01
 * time: 473.0022430419922
Iter     Function value   Gradient norm 
     0     2.525556e+01     3.872940e-02
 * time: 5.0067901611328125e-5
     1     2.525553e+01     3.134470e-02
 * time: 18.043915033340454
     2     2.525550e+01     2.046605e-02
 * time: 45.96050715446472
     3     2.525538e+01     3.489296e-02
 * time: 83.48036217689514
     4     2.525529e+01     1.370528e-02
 * time: 110.93147110939026
     5     2.525529e+01     5.356819e-03
 * time: 138.59994506835938
     6     2.525529e+01     9.055103e-03
 * time: 166.31388115882874
     7     2.525527e+01     1.449402e-02
 * time: 193.67923021316528
     8     2.525525e+01     1.533364e-02
 * time: 221.1693720817566
     9     2.525521e+01     1.154632e-02
 * time: 249.25462317466736
    10     2.525521e+01     7.821248e-03
 * time: 276.94365406036377
Iter     Function value   Gradient norm 
     0     2.546626e+01     9.340300e+00
 * time: 2.4080276489257812e-5
     1     2.546595e+01     9.587192e-01
 * time: 17.861992120742798
     2     2.546593e+01     2.149280e-01
 * time: 43.855311155319214
     3     2.546407e+01     1.450464e+00
 * time: 107.8612380027771
     4     2.546365e+01     3.167763e+00
 * time: 135.59991002082825
     5     2.546359e+01     1.558887e-01
 * time: 163.00245809555054
     6     2.546355e+01     1.612189e+00
 * time: 208.85039901733398
     7     2.546219e+01     2.926091e-01
 * time: 255.30724215507507
     8     2.546213e+01     2.269948e+00
 * time: 288.7158122062683
     9     2.546209e+01     3.183514e-02
 * time: 313.0097351074219
    10     2.546209e+01     5.148279e-02
 * time: 353.8626720905304
    11     2.546188e+01     5.661752e-02
 * time: 394.5833032131195
    12     2.546133e+01     1.189497e-01
 * time: 418.5278000831604
    13     2.546089e+01     5.430561e-02
 * time: 442.15637016296387
    14     2.545983e+01     4.788059e-01
 * time: 481.1934320926666
    15     2.545983e+01     8.363777e-01
 * time: 497.5731010437012
Iter     Function value   Gradient norm 
     0     2.545983e+01     5.980054e-02
 * time: 2.09808349609375e-5
     1     2.545971e+01     5.172354e-02
 * time: 15.88033390045166
     2     2.545966e+01     2.182624e-02
 * time: 37.39660310745239
