ERROR: LoadError: UndefVarError: `formci` not defined
Stacktrace:
 [1] top-level scope
   @ /panfs/jay/groups/5/mullinsj/mullinsj/welfare-meta-study/scripts/decomposition_counterfactual.jl:121
in expression starting at /panfs/jay/groups/5/mullinsj/mullinsj/welfare-meta-study/scripts/decomposition_counterfactual.jl:115
"working on trial $(b)" = "working on trial 1"
"working on trial $(b)" = "working on trial 2"
"working on trial $(b)" = "working on trial 3"
"working on trial $(b)" = "working on trial 4"
"working on trial $(b)" = "working on trial 5"
"working on trial $(b)" = "working on trial 6"
"working on trial $(b)" = "working on trial 7"
"working on trial $(b)" = "working on trial 8"
"working on trial $(b)" = "working on trial 9"
"working on trial $(b)" = "working on trial 10"
"working on trial $(b)" = "working on trial 11"
"working on trial $(b)" = "working on trial 12"
"working on trial $(b)" = "working on trial 13"
"working on trial $(b)" = "working on trial 14"
"working on trial $(b)" = "working on trial 15"
"working on trial $(b)" = "working on trial 16"
"working on trial $(b)" = "working on trial 17"
"working on trial $(b)" = "working on trial 18"
"working on trial $(b)" = "working on trial 19"
"working on trial $(b)" = "working on trial 20"
"working on trial $(b)" = "working on trial 21"
"working on trial $(b)" = "working on trial 22"
"working on trial $(b)" = "working on trial 23"
"working on trial $(b)" = "working on trial 24"
"working on trial $(b)" = "working on trial 25"
"working on trial $(b)" = "working on trial 26"
"working on trial $(b)" = "working on trial 27"
"working on trial $(b)" = "working on trial 28"
"working on trial $(b)" = "working on trial 29"
"working on trial $(b)" = "working on trial 30"
"working on trial $(b)" = "working on trial 31"
"working on trial $(b)" = "working on trial 32"
"working on trial $(b)" = "working on trial 33"
"working on trial $(b)" = "working on trial 34"
"working on trial $(b)" = "working on trial 35"
"working on trial $(b)" = "working on trial 36"
"working on trial $(b)" = "working on trial 37"
"working on trial $(b)" = "working on trial 38"
"working on trial $(b)" = "working on trial 39"
"working on trial $(b)" = "working on trial 40"
"working on trial $(b)" = "working on trial 41"
"working on trial $(b)" = "working on trial 42"
"working on trial $(b)" = "working on trial 43"
"working on trial $(b)" = "working on trial 44"
"working on trial $(b)" = "working on trial 45"
"working on trial $(b)" = "working on trial 46"
"working on trial $(b)" = "working on trial 47"
"working on trial $(b)" = "working on trial 48"
"working on trial $(b)" = "working on trial 49"
"working on trial $(b)" = "working on trial 50"
"working on trial $(b)" = "working on trial 51"
"working on trial $(b)" = "working on trial 52"
"working on trial $(b)" = "working on trial 53"
"working on trial $(b)" = "working on trial 54"
"working on trial $(b)" = "working on trial 55"
"working on trial $(b)" = "working on trial 56"
"working on trial $(b)" = "working on trial 57"
"working on trial $(b)" = "working on trial 58"
"working on trial $(b)" = "working on trial 59"
"working on trial $(b)" = "working on trial 60"
"working on trial $(b)" = "working on trial 61"
"working on trial $(b)" = "working on trial 62"
"working on trial $(b)" = "working on trial 63"
"working on trial $(b)" = "working on trial 64"
"working on trial $(b)" = "working on trial 65"
"working on trial $(b)" = "working on trial 66"
"working on trial $(b)" = "working on trial 67"
"working on trial $(b)" = "working on trial 68"
"working on trial $(b)" = "working on trial 69"
"working on trial $(b)" = "working on trial 70"
"working on trial $(b)" = "working on trial 71"
"working on trial $(b)" = "working on trial 72"
"working on trial $(b)" = "working on trial 73"
"working on trial $(b)" = "working on trial 74"
"working on trial $(b)" = "working on trial 75"
"working on trial $(b)" = "working on trial 76"
"working on trial $(b)" = "working on trial 77"
"working on trial $(b)" = "working on trial 78"
"working on trial $(b)" = "working on trial 79"
"working on trial $(b)" = "working on trial 80"
"working on trial $(b)" = "working on trial 81"
"working on trial $(b)" = "working on trial 82"
"working on trial $(b)" = "working on trial 83"
"working on trial $(b)" = "working on trial 84"
"working on trial $(b)" = "working on trial 85"
"working on trial $(b)" = "working on trial 86"
"working on trial $(b)" = "working on trial 87"
"working on trial $(b)" = "working on trial 88"
"working on trial $(b)" = "working on trial 89"
"working on trial $(b)" = "working on trial 90"
"working on trial $(b)" = "working on trial 91"
"working on trial $(b)" = "working on trial 92"
"working on trial $(b)" = "working on trial 93"
"working on trial $(b)" = "working on trial 94"
"working on trial $(b)" = "working on trial 95"
"working on trial $(b)" = "working on trial 96"
"working on trial $(b)" = "working on trial 97"
"working on trial $(b)" = "working on trial 98"
"working on trial $(b)" = "working on trial 99"
"working on trial $(b)" = "working on trial 100"
ERROR: LoadError: UndefVarError: `formci` not defined
Stacktrace:
 [1] top-level scope
   @ /panfs/jay/groups/5/mullinsj/mullinsj/welfare-meta-study/scripts/nonselected_counterfactual.jl:129
in expression starting at /panfs/jay/groups/5/mullinsj/mullinsj/welfare-meta-study/scripts/nonselected_counterfactual.jl:126
"working on trial $(b)" = "working on trial 1"
"working on trial $(b)" = "working on trial 2"
"working on trial $(b)" = "working on trial 3"
"working on trial $(b)" = "working on trial 4"
"working on trial $(b)" = "working on trial 5"
"working on trial $(b)" = "working on trial 6"
"working on trial $(b)" = "working on trial 7"
"working on trial $(b)" = "working on trial 8"
"working on trial $(b)" = "working on trial 9"
"working on trial $(b)" = "working on trial 10"
"working on trial $(b)" = "working on trial 11"
"working on trial $(b)" = "working on trial 12"
"working on trial $(b)" = "working on trial 13"
"working on trial $(b)" = "working on trial 14"
"working on trial $(b)" = "working on trial 15"
"working on trial $(b)" = "working on trial 16"
"working on trial $(b)" = "working on trial 17"
"working on trial $(b)" = "working on trial 18"
"working on trial $(b)" = "working on trial 19"
"working on trial $(b)" = "working on trial 20"
"working on trial $(b)" = "working on trial 21"
"working on trial $(b)" = "working on trial 22"
"working on trial $(b)" = "working on trial 23"
"working on trial $(b)" = "working on trial 24"
"working on trial $(b)" = "working on trial 25"
"working on trial $(b)" = "working on trial 26"
"working on trial $(b)" = "working on trial 27"
"working on trial $(b)" = "working on trial 28"
"working on trial $(b)" = "working on trial 29"
"working on trial $(b)" = "working on trial 30"
"working on trial $(b)" = "working on trial 31"
"working on trial $(b)" = "working on trial 32"
"working on trial $(b)" = "working on trial 33"
"working on trial $(b)" = "working on trial 34"
"working on trial $(b)" = "working on trial 35"
"working on trial $(b)" = "working on trial 36"
"working on trial $(b)" = "working on trial 37"
"working on trial $(b)" = "working on trial 38"
"working on trial $(b)" = "working on trial 39"
"working on trial $(b)" = "working on trial 40"
"working on trial $(b)" = "working on trial 41"
"working on trial $(b)" = "working on trial 42"
"working on trial $(b)" = "working on trial 43"
"working on trial $(b)" = "working on trial 44"
"working on trial $(b)" = "working on trial 45"
"working on trial $(b)" = "working on trial 46"
"working on trial $(b)" = "working on trial 47"
"working on trial $(b)" = "working on trial 48"
"working on trial $(b)" = "working on trial 49"
"working on trial $(b)" = "working on trial 50"
"working on trial $(b)" = "working on trial 51"
"working on trial $(b)" = "working on trial 52"
"working on trial $(b)" = "working on trial 53"
"working on trial $(b)" = "working on trial 54"
"working on trial $(b)" = "working on trial 55"
"working on trial $(b)" = "working on trial 56"
"working on trial $(b)" = "working on trial 57"
"working on trial $(b)" = "working on trial 58"
"working on trial $(b)" = "working on trial 59"
"working on trial $(b)" = "working on trial 60"
"working on trial $(b)" = "working on trial 61"
"working on trial $(b)" = "working on trial 62"
"working on trial $(b)" = "working on trial 63"
"working on trial $(b)" = "working on trial 64"
"working on trial $(b)" = "working on trial 65"
"working on trial $(b)" = "working on trial 66"
"working on trial $(b)" = "working on trial 67"
"working on trial $(b)" = "working on trial 68"
"working on trial $(b)" = "working on trial 69"
"working on trial $(b)" = "working on trial 70"
"working on trial $(b)" = "working on trial 71"
"working on trial $(b)" = "working on trial 72"
"working on trial $(b)" = "working on trial 73"
"working on trial $(b)" = "working on trial 74"
"working on trial $(b)" = "working on trial 75"
"working on trial $(b)" = "working on trial 76"
"working on trial $(b)" = "working on trial 77"
"working on trial $(b)" = "working on trial 78"
"working on trial $(b)" = "working on trial 79"
"working on trial $(b)" = "working on trial 80"
"working on trial $(b)" = "working on trial 81"
"working on trial $(b)" = "working on trial 82"
"working on trial $(b)" = "working on trial 83"
"working on trial $(b)" = "working on trial 84"
"working on trial $(b)" = "working on trial 85"
"working on trial $(b)" = "working on trial 86"
"working on trial $(b)" = "working on trial 87"
"working on trial $(b)" = "working on trial 88"
"working on trial $(b)" = "working on trial 89"
"working on trial $(b)" = "working on trial 90"
"working on trial $(b)" = "working on trial 91"
"working on trial $(b)" = "working on trial 92"
"working on trial $(b)" = "working on trial 93"
"working on trial $(b)" = "working on trial 94"
"working on trial $(b)" = "working on trial 95"
"working on trial $(b)" = "working on trial 96"
"working on trial $(b)" = "working on trial 97"
"working on trial $(b)" = "working on trial 98"
"working on trial $(b)" = "working on trial 99"
"working on trial $(b)" = "working on trial 100"
