 ===== EM-algorithm: iteration 0 =====
Iter     Function value   Gradient norm 
     0     4.146032e+00     2.579747e+00
 * time: 0.04050898551940918
     1     4.144008e+00     2.146426e+00
 * time: 104.57083201408386
     2     4.141632e+00     1.015673e+01
 * time: 121.0260820388794
     3     4.137706e+00     4.426995e-01
 * time: 131.78258681297302
     4     4.137630e+00     2.298247e-01
 * time: 148.31625986099243
     5     4.136352e+00     5.246741e+00
 * time: 173.70627188682556
     6     4.133883e+00     1.674303e+01
 * time: 190.0887520313263
     7     4.118423e+00     3.697444e+01
 * time: 204.79592394828796
     8     4.103814e+00     3.935274e+01
 * time: 215.47756004333496
     9     4.085511e+00     4.205592e+01
 * time: 225.85805487632751
    10     4.033632e+00     9.011032e+00
 * time: 255.13999581336975
    11     4.006446e+00     1.347144e+01
 * time: 270.4761760234833
    12     3.980269e+00     1.204106e+01
 * time: 287.79597187042236
    13     3.930154e+00     2.068767e+00
 * time: 302.6418688297272
    14     3.921504e+00     1.018918e+00
 * time: 318.4729449748993
    15     3.758610e+00     2.001526e+00
 * time: 354.14962100982666
    16     3.697487e+00     1.648405e+00
 * time: 364.2651698589325
    17     3.685394e+00     1.176561e+00
 * time: 374.54955792427063
    18     3.661545e+00     1.056764e+00
 * time: 395.0223069190979
    19     3.592807e+00     4.560619e+00
 * time: 405.4813458919525
    20     3.533725e+00     1.661683e+00
 * time: 421.4894919395447
current likelihood: -151173.32347757483
current error: 2.48115741023601
 ===== EM-algorithm: iteration 1 =====
Iter     Function value   Gradient norm 
     0     2.802567e+00     4.260385e+00
 * time: 4.9114227294921875e-5
     1     2.797061e+00     4.160431e-01
 * time: 9.359097957611084
     2     2.796834e+00     1.326805e-01
 * time: 23.927484035491943
     3     2.785310e+00     4.273597e+00
 * time: 60.49926209449768
     4     2.773342e+00     3.601464e-01
 * time: 76.28839206695557
     5     2.767741e+00     3.929560e+00
 * time: 105.85953617095947
     6     2.721780e+00     5.537649e-01
 * time: 126.63141703605652
     7     2.720691e+00     1.195517e+00
 * time: 146.10105299949646
     8     2.691011e+00     4.850038e-01
 * time: 172.0522530078888
     9     2.689647e+00     9.423472e-02
 * time: 188.04496312141418
    10     2.688610e+00     5.746186e-01
 * time: 208.40545511245728
    11     2.664137e+00     7.219792e-01
 * time: 228.53331899642944
    12     2.658518e+00     1.256570e-01
 * time: 240.16557502746582
    13     2.657891e+00     7.016048e-02
 * time: 256.00840997695923
    14     2.656229e+00     1.691287e+00
 * time: 276.17643117904663
    15     2.646929e+00     2.433072e+00
 * time: 296.22521805763245
    16     2.639314e+00     1.019153e-01
 * time: 311.0863981246948
    17     2.639230e+00     6.346205e-02
 * time: 320.7202990055084
    18     2.638548e+00     5.730381e-01
 * time: 342.943391084671
    19     2.628393e+00     1.163454e-01
 * time: 363.4064919948578
    20     2.627553e+00     5.823352e-01
 * time: 374.01682710647583
current likelihood: -85590.69541871847
current error: 0.9237793350120183
 ===== EM-algorithm: iteration 2 =====
Iter     Function value   Gradient norm 
     0     2.425074e+00     2.819693e+00
 * time: 4.1961669921875e-5
     1     2.423638e+00     1.394600e-01
 * time: 10.080996990203857
     2     2.423613e+00     2.216055e-01
 * time: 25.389106035232544
     3     2.420939e+00     1.024193e-01
 * time: 58.93701386451721
     4     2.403034e+00     4.607657e-01
 * time: 79.90968894958496
     5     2.394570e+00     4.257439e+00
 * time: 99.80798196792603
     6     2.382516e+00     1.445136e+00
 * time: 114.68822288513184
     7     2.381827e+00     1.433368e-01
 * time: 124.31293892860413
     8     2.381792e+00     1.666653e-01
 * time: 141.83094000816345
     9     2.378409e+00     2.135744e-01
 * time: 177.36531901359558
    10     2.374507e+00     1.884404e-01
 * time: 193.15047192573547
    11     2.373210e+00     1.330900e-01
 * time: 208.7145230770111
    12     2.366438e+00     6.522405e-01
 * time: 232.62644505500793
    13     2.365188e+00     2.989758e-01
 * time: 248.26881384849548
    14     2.365115e+00     2.066913e-02
 * time: 263.43719005584717
    15     2.364886e+00     1.483257e-01
 * time: 293.0006949901581
    16     2.363731e+00     1.025190e+00
 * time: 308.3402569293976
    17     2.362558e+00     2.787847e-01
 * time: 324.2974579334259
    18     2.362486e+00     2.140782e-02
 * time: 338.9430809020996
    19     2.362483e+00     4.661800e-02
 * time: 354.1819269657135
    20     2.362442e+00     2.335607e-02
 * time: 379.72626090049744
current likelihood: -68181.88118777235
current error: 0.8023449730404744
 ===== EM-algorithm: iteration 3 =====
Iter     Function value   Gradient norm 
     0     2.300375e+00     2.334405e+00
 * time: 1.9073486328125e-5
     1     2.299481e+00     1.040677e-01
 * time: 10.359983921051025
     2     2.299470e+00     1.399318e-01
 * time: 26.38106894493103
     3     2.298643e+00     5.003433e-02
 * time: 57.45239996910095
     4     2.296945e+00     3.343778e-01
 * time: 79.78425097465515
     5     2.296784e+00     5.436546e-01
 * time: 95.03329205513
     6     2.295147e+00     4.194823e-01
 * time: 120.4738380908966
     7     2.294783e+00     3.195455e-01
 * time: 139.33939003944397
     8     2.292838e+00     1.664485e-01
 * time: 165.3475260734558
     9     2.288506e+00     2.066535e-01
 * time: 181.72113704681396
    10     2.288173e+00     3.512132e-01
 * time: 196.5972239971161
    11     2.285716e+00     1.170940e+00
 * time: 220.33217811584473
    12     2.285318e+00     3.750126e-02
 * time: 235.7267451286316
    13     2.285316e+00     1.747567e-02
 * time: 251.3321189880371
    14     2.285215e+00     4.050117e-01
 * time: 280.9223999977112
    15     2.285127e+00     2.301023e-01
 * time: 296.9705879688263
    16     2.285019e+00     8.790002e-02
 * time: 307.6835961341858
    17     2.284287e+00     1.601938e-02
 * time: 330.29823112487793
    18     2.283921e+00     4.330182e-01
 * time: 345.75869393348694
    19     2.283338e+00     5.481780e-01
 * time: 361.493567943573
    20     2.281500e+00     1.538722e-02
 * time: 378.41248893737793
current likelihood: -64148.2240117902
current error: 0.4614476353237349
 ===== EM-algorithm: iteration 4 =====
Iter     Function value   Gradient norm 
     0     2.266533e+00     2.368068e+00
 * time: 2.002716064453125e-5
     1     2.265611e+00     8.821503e-02
 * time: 10.059906005859375
     2     2.265609e+00     4.305327e-02
 * time: 26.605419874191284
     3     2.265410e+00     1.852478e-01
 * time: 56.757619857788086
     4     2.265389e+00     1.687096e-01
 * time: 76.21219491958618
     5     2.264766e+00     1.637682e-01
 * time: 107.59132385253906
     6     2.264749e+00     1.004675e-01
 * time: 128.8813178539276
     7     2.264408e+00     2.675906e-01
 * time: 160.36854696273804
     8     2.264271e+00     1.285164e-02
 * time: 178.96524095535278
     9     2.264259e+00     1.205201e-01
 * time: 199.0953459739685
    10     2.263995e+00     2.426182e-01
 * time: 227.10733890533447
    11     2.263699e+00     2.958355e-02
 * time: 242.2541470527649
    12     2.263598e+00     3.372504e-01
 * time: 263.0432300567627
    13     2.262785e+00     3.622615e-02
 * time: 288.23040986061096
    14     2.262766e+00     1.639261e-02
 * time: 303.965430021286
    15     2.262761e+00     1.140317e-01
 * time: 314.18948698043823
    16     2.262745e+00     5.359295e-02
 * time: 329.6802570819855
    17     2.262723e+00     1.382109e-01
 * time: 344.8495409488678
    18     2.262498e+00     6.989230e-02
 * time: 366.3547089099884
    19     2.261860e+00     6.044304e-01
 * time: 380.84451389312744
    20     2.260748e+00     3.644006e-02
 * time: 396.1567540168762
current likelihood: -62304.60162344413
current error: 0.20487975665935532
 ===== EM-algorithm: iteration 0 =====
Iter     Function value   Gradient norm 
     0     2.263015e+00     2.098264e+00
 * time: 3.409385681152344e-5
     1     2.262382e+00     9.553542e-02
 * time: 10.831959009170532
     2     2.262380e+00     1.571308e-02
 * time: 25.906481981277466
     3     2.262253e+00     2.722097e-01
 * time: 65.9274640083313
     4     2.262228e+00     9.595409e-02
 * time: 81.83324313163757
     5     2.261644e+00     1.341699e-01
 * time: 115.56059908866882
     6     2.261296e+00     1.993495e-01
 * time: 130.6481351852417
     7     2.261253e+00     1.019681e-02
 * time: 145.76499319076538
     8     2.261251e+00     2.249977e-02
 * time: 164.181538105011
     9     2.260949e+00     4.655891e-01
 * time: 200.74458003044128
    10     2.260486e+00     9.433217e-02
 * time: 216.45464706420898
    11     2.260480e+00     6.976035e-02
 * time: 232.32417106628418
    12     2.260250e+00     4.652475e-01
 * time: 264.5097301006317
    13     2.259569e+00     2.286700e-02
 * time: 280.3739221096039
    14     2.259562e+00     1.632395e-02
 * time: 296.32847714424133
    15     2.259559e+00     4.619140e-02
 * time: 309.8020701408386
    16     2.259141e+00     7.655227e-01
 * time: 340.7739431858063
    17     2.257804e+00     1.391132e-02
 * time: 361.90976214408875
    18     2.257805e+00     1.332476e-02
 * time: 377.8784921169281
    19     2.256554e+00     7.881893e-02
 * time: 400.18716502189636
    20     2.256546e+00     9.756648e-02
 * time: 410.49902606010437
    21     2.256477e+00     1.334926e-02
 * time: 425.5816271305084
    22     2.256230e+00     4.997867e-01
 * time: 448.8902699947357
    23     2.255987e+00     1.155724e-02
 * time: 459.0705780982971
    24     2.255981e+00     1.080582e-02
 * time: 474.04953598976135
    25     2.255943e+00     2.488470e-01
 * time: 494.789911031723
    26     2.255672e+00     3.299674e-01
 * time: 514.632942199707
    27     2.255548e+00     8.468714e-02
 * time: 529.017982006073
    28     2.255374e+00     9.496834e-02
 * time: 547.1696419715881
    29     2.255299e+00     1.304399e-02
 * time: 562.6468679904938
    30     2.255267e+00     9.634704e-03
 * time: 578.3098211288452
    31     2.255248e+00     3.307291e-02
 * time: 596.9856221675873
    32     2.255235e+00     5.059731e-03
 * time: 612.4600081443787
    33     2.255231e+00     3.150574e-02
 * time: 622.5121741294861
    34     2.255227e+00     3.863056e-02
 * time: 633.8949730396271
    35     2.255224e+00     9.162367e-03
 * time: 649.2705891132355
    36     2.255223e+00     3.419759e-02
 * time: 658.9908339977264
    37     2.255152e+00     1.705121e-01
 * time: 689.2689361572266
    38     2.255049e+00     2.250584e-01
 * time: 704.5279710292816
    39     2.254810e+00     3.186684e-02
 * time: 719.872064113617
    40     2.254793e+00     3.452391e-02
 * time: 734.9979391098022
    41     2.254785e+00     3.009416e-02
 * time: 745.1802010536194
    42     2.254776e+00     9.354645e-02
 * time: 764.6914119720459
    43     2.254569e+00     2.248992e-01
 * time: 792.2975361347198
    44     2.254522e+00     3.117385e-02
 * time: 807.8646640777588
    45     2.254497e+00     3.863255e-02
 * time: 825.7493751049042
    46     2.254479e+00     5.502204e-02
 * time: 836.0155701637268
    47     2.254477e+00     1.060893e-01
 * time: 846.3547210693359
    48     2.254397e+00     2.668887e-01
 * time: 868.002907037735
    49     2.254330e+00     7.754968e-02
 * time: 883.3815870285034
    50     2.254298e+00     1.446601e-02
 * time: 898.2320652008057
    51     2.254256e+00     1.357522e-01
 * time: 918.8965940475464
    52     2.254246e+00     3.399091e-02
 * time: 933.9037110805511
    53     2.254233e+00     5.624996e-02
 * time: 954.0680141448975
    54     2.254225e+00     5.933241e-02
 * time: 964.3556880950928
    55     2.254212e+00     5.868467e-02
 * time: 974.1428191661835
    56     2.254189e+00     3.327171e-02
 * time: 989.4738461971283
    57     2.254183e+00     4.434120e-02
 * time: 1011.2270040512085
    58     2.254146e+00     2.216426e-01
 * time: 1032.5736491680145
    59     2.253970e+00     1.248657e-01
 * time: 1053.940630197525
    60     2.253766e+00     3.165328e-01
 * time: 1069.1983320713043
    61     2.253646e+00     2.716403e-01
 * time: 1083.5716609954834
    62     2.253637e+00     3.036541e-01
 * time: 1093.663577079773
    63     2.253610e+00     1.345949e-01
 * time: 1104.1342911720276
    64     2.253549e+00     6.398902e-02
 * time: 1118.697837114334
    65     2.253517e+00     8.513043e-02
 * time: 1133.7021701335907
    66     2.253230e+00     3.856950e-01
 * time: 1163.3518769741058
    67     2.253127e+00     3.176829e-02
 * time: 1179.4340879917145
    68     2.253107e+00     2.590322e-02
 * time: 1196.7048811912537
    69     2.253102e+00     3.143376e-02
 * time: 1483.6819951534271
    70     2.253033e+00     9.806684e-02
 * time: 1499.3787250518799
    71     2.253006e+00     3.795703e-02
 * time: 1509.019471168518
    72     2.252974e+00     5.219663e-02
 * time: 1524.9650540351868
    73     2.252957e+00     7.030871e-02
 * time: 1540.1431760787964
    74     2.252935e+00     9.000917e-02
 * time: 1566.0547630786896
    75     2.252915e+00     8.854008e-03
 * time: 1581.942262172699
    76     2.252908e+00     4.990993e-02
 * time: 1592.4547891616821
    77     2.252893e+00     5.487554e-02
 * time: 1608.7501230239868
    78     2.252888e+00     2.875275e-02
 * time: 1629.7930281162262
    79     2.252881e+00     1.997527e-02
 * time: 1650.9902851581573
    80     2.252794e+00     1.389165e-01
 * time: 1671.381021976471
    81     2.252733e+00     5.134846e-02
 * time: 1687.0108079910278
    82     2.252731e+00     7.516448e-03
 * time: 1697.5027639865875
    83     2.252730e+00     1.763400e-02
 * time: 1713.624871969223
    84     2.252729e+00     1.127664e-02
 * time: 1734.5155770778656
    85     2.252728e+00     1.947804e-02
 * time: 1744.9378361701965
    86     2.252726e+00     2.230430e-02
 * time: 1760.800225019455
    87     2.252722e+00     1.079535e-02
 * time: 1784.0383760929108
    88     2.252702e+00     8.652917e-02
 * time: 1799.6133880615234
    89     2.252701e+00     1.982281e-02
 * time: 1810.2091000080109
    90     2.252690e+00     8.414430e-03
 * time: 1828.9914309978485
    91     2.252650e+00     5.126553e-02
 * time: 1849.7810921669006
    92     2.252590e+00     2.127777e-02
 * time: 1869.2277331352234
    93     2.252580e+00     7.158293e-02
 * time: 1879.6591041088104
    94     2.252507e+00     5.615664e-02
 * time: 1895.504783153534
    95     2.252504e+00     8.776292e-02
 * time: 2195.4781091213226
    96     2.252502e+00     3.451724e-02
 * time: 2206.088389158249
    97     2.252498e+00     2.168165e-02
 * time: 2221.861042022705
    98     2.252494e+00     3.169690e-02
 * time: 2231.8134100437164
    99     2.252488e+00     7.061800e-03
 * time: 2247.349650144577
   100     2.252485e+00     5.066479e-02
 * time: 2264.3900701999664
current likelihood: -60879.789602348916
current error: 0.8713232094786125
 ===== EM-algorithm: iteration 1 =====
Iter     Function value   Gradient norm 
     0     2.245510e+00     1.306386e+00
 * time: 2.2172927856445312e-5
     1     2.245287e+00     5.612810e-02
 * time: 10.211079120635986
     2     2.245286e+00     2.949667e-02
 * time: 25.82859206199646
     3     2.245131e+00     5.697045e-01
 * time: 61.064117193222046
     4     2.245046e+00     5.587907e-02
 * time: 76.9086971282959
     5     2.244900e+00     6.208576e-01
 * time: 112.72523212432861
     6     2.243922e+00     1.168992e-02
 * time: 138.3483021259308
     7     2.243911e+00     1.290341e-02
 * time: 153.98221015930176
     8     2.243350e+00     2.287259e-02
 * time: 175.25630807876587
     9     2.241851e+00     2.718650e-02
 * time: 194.05341219902039
    10     2.241504e+00     1.712844e-02
 * time: 204.33803915977478
    11     2.241253e+00     4.537327e-02
 * time: 219.5940341949463
    12     2.241144e+00     6.026307e-03
 * time: 235.5369701385498
    13     2.241062e+00     4.211997e-02
 * time: 255.6112551689148
    14     2.240717e+00     5.665385e-01
 * time: 276.55216121673584
    15     2.240607e+00     3.673305e-02
 * time: 286.45060205459595
    16     2.240601e+00     9.899973e-03
 * time: 296.74742913246155
    17     2.240536e+00     4.521415e-01
 * time: 323.0155870914459
    18     2.240211e+00     5.897286e-02
 * time: 337.9901840686798
    19     2.240191e+00     5.723295e-02
 * time: 622.4214301109314
    20     2.240096e+00     2.801344e-02
 * time: 637.9210431575775
    21     2.239913e+00     3.096197e-02
 * time: 656.7425901889801
    22     2.239880e+00     4.579974e-02
 * time: 667.2358090877533
    23     2.239756e+00     1.695175e-01
 * time: 688.0595941543579
    24     2.239716e+00     2.102047e-01
 * time: 704.1334969997406
    25     2.239707e+00     3.141180e-01
 * time: 714.4541850090027
    26     2.239600e+00     7.387548e-03
 * time: 729.4171710014343
    27     2.239596e+00     3.436245e-02
 * time: 745.5455541610718
    28     2.239595e+00     1.046377e-01
 * time: 760.7272109985352
    29     2.239540e+00     9.375726e-02
 * time: 780.7579581737518
    30     2.239522e+00     7.413737e-03
 * time: 794.8199682235718
    31     2.239521e+00     3.175639e-03
 * time: 1065.6863911151886
    32     2.239521e+00     3.175639e-03
 * time: 1452.6340100765228
    33     2.239521e+00     3.175639e-03
 * time: 1852.1853201389313
current likelihood: -59498.72393543695
current error: 0.1831739537535193
 ===== EM-algorithm: iteration 2 =====
Iter     Function value   Gradient norm 
     0     2.242183e+00     5.511653e-01
 * time: 6.198883056640625e-5
     1     2.242167e+00     3.096526e-02
 * time: 13.700751066207886
     2     2.242166e+00     5.857367e-02
 * time: 29.26917791366577
     3     2.241970e+00     3.797132e-01
 * time: 61.50063991546631
     4     2.241936e+00     5.641102e-02
 * time: 76.99748396873474
     5     2.241122e+00     9.342392e-01
 * time: 116.59431290626526
     6     2.240910e+00     1.227884e-02
 * time: 132.3128628730774
     7     2.240909e+00     1.884587e-02
 * time: 148.1016640663147
     8     2.240872e+00     1.920254e-02
 * time: 467.90876603126526
     9     2.240200e+00     3.779063e-02
 * time: 483.0443069934845
    10     2.238933e+00     1.175106e-01
 * time: 509.3646800518036
    11     2.238874e+00     7.604396e-02
 * time: 525.403440952301
    12     2.238772e+00     1.790018e-02
 * time: 546.2715010643005
    13     2.238694e+00     3.746880e-02
 * time: 565.470764875412
    14     2.238691e+00     7.806769e-03
 * time: 576.0909390449524
    15     2.238677e+00     8.678777e-02
 * time: 591.8837208747864
    16     2.238611e+00     7.762240e-02
 * time: 612.7473418712616
    17     2.238609e+00     1.804049e-02
 * time: 622.6758549213409
    18     2.238605e+00     1.786506e-02
 * time: 638.1587760448456
    19     2.238469e+00     3.658977e-02
 * time: 669.5186419487
    20     2.238424e+00     4.168311e-02
 * time: 685.3467948436737
    21     2.238077e+00     8.459244e-03
 * time: 717.1113018989563
    22     2.238072e+00     5.801335e-02
 * time: 727.7658910751343
    23     2.238041e+00     8.316829e-03
 * time: 743.8363919258118
    24     2.237689e+00     1.630816e-01
 * time: 773.0825400352478
    25     2.237607e+00     4.573676e-01
 * time: 783.2411980628967
    26     2.237526e+00     1.745856e-02
 * time: 798.7781989574432
    27     2.237519e+00     2.658904e-02
 * time: 819.4648180007935
    28     2.237519e+00     8.603997e-03
 * time: 830.1953370571136
    29     2.237518e+00     2.284333e-02
 * time: 845.9668550491333
    30     2.237492e+00     2.105978e-02
 * time: 866.6035490036011
    31     2.237460e+00     1.099565e-01
 * time: 876.9984610080719
    32     2.237274e+00     2.622055e-01
 * time: 896.7440719604492
    33     2.237118e+00     8.541753e-02
 * time: 918.5873658657074
    34     2.237104e+00     2.782638e-02
 * time: 929.2055940628052
    35     2.237099e+00     5.021002e-02
 * time: 945.1850550174713
    36     2.237086e+00     3.842886e-03
 * time: 965.9236228466034
    37     2.237085e+00     2.816842e-02
 * time: 976.3156080245972
    38     2.237083e+00     3.570623e-02
 * time: 992.370167016983
    39     2.237064e+00     1.953097e-02
 * time: 1013.2214889526367
    40     2.237063e+00     1.502414e-02
 * time: 1023.2618980407715
    41     2.237062e+00     1.276692e-02
 * time: 1038.7513480186462
    42     2.236999e+00     1.195973e-01
 * time: 1064.2502880096436
    43     2.236966e+00     9.128132e-03
 * time: 1074.8721618652344
    44     2.236957e+00     5.569716e-02
 * time: 1090.723392009735
    45     2.236945e+00     3.701928e-02
 * time: 1110.1793019771576
    46     2.236930e+00     3.369972e-02
 * time: 1125.905590057373
    47     2.236923e+00     2.794618e-02
 * time: 1136.859214067459
    48     2.236919e+00     8.024798e-03
 * time: 1156.5062749385834
    49     2.236918e+00     6.361339e-02
 * time: 1172.0601539611816
    50     2.236908e+00     9.200785e-03
 * time: 1193.2290618419647
    51     2.236890e+00     6.994006e-02
 * time: 1216.2818720340729
    52     2.236879e+00     9.641691e-03
 * time: 1231.7835500240326
    53     2.236876e+00     1.561065e-02
 * time: 1253.5487830638885
    54     2.236872e+00     9.088748e-03
 * time: 1264.0320000648499
    55     2.236858e+00     1.015319e-01
 * time: 1279.7971739768982
    56     2.236852e+00     6.616180e-03
 * time: 1295.8636620044708
    57     2.236850e+00     6.628856e-03
 * time: 1316.2941539287567
    58     2.236842e+00     3.075498e-02
 * time: 1326.8138558864594
    59     2.236831e+00     8.919545e-02
 * time: 1342.7586460113525
    60     2.236800e+00     1.623779e-01
 * time: 1359.1648919582367
    61     2.236665e+00     9.273517e-03
 * time: 1374.8067648410797
    62     2.236663e+00     1.444551e-02
 * time: 1384.3991248607635
    63     2.236663e+00     2.605893e-02
 * time: 1403.9849879741669
    64     2.236655e+00     7.218350e-03
 * time: 1424.901607990265
    65     2.236650e+00     3.551991e-02
 * time: 1435.2170219421387
    66     2.236644e+00     2.207567e-02
 * time: 1445.829670906067
    67     2.236643e+00     9.798704e-03
 * time: 1456.163990020752
    68     2.236643e+00     3.983369e-03
 * time: 1471.1334538459778
    69     2.236636e+00     1.008290e-01
 * time: 1493.7116730213165
    70     2.236597e+00     1.698120e-02
 * time: 1514.319804906845
    71     2.236587e+00     4.886422e-02
 * time: 1525.2321238517761
    72     2.236582e+00     1.325724e-02
 * time: 1535.9264619350433
    73     2.236577e+00     7.005193e-02
 * time: 1561.1058309078217
    74     2.236573e+00     9.764700e-03
 * time: 1576.993068933487
    75     2.236573e+00     1.097427e-02
 * time: 1593.0402500629425
    76     2.236561e+00     9.847299e-03
 * time: 1603.359869003296
    77     2.236518e+00     7.590998e-02
 * time: 1613.3783168792725
    78     2.236484e+00     2.321538e-01
 * time: 1628.7659158706665
    79     2.236284e+00     5.175257e-02
 * time: 1649.1696820259094
    80     2.236280e+00     1.360533e-02
 * time: 1665.0964920520782
    81     2.236279e+00     2.781294e-02
 * time: 1684.260864019394
    82     2.236277e+00     4.593325e-03
 * time: 1699.879588842392
    83     2.236276e+00     3.467855e-03
 * time: 1710.577224969864
    84     2.236276e+00     2.134839e-02
 * time: 1721.315798997879
    85     2.236276e+00     5.180616e-03
 * time: 1733.2275340557098
    86     2.236272e+00     6.603288e-03
 * time: 1759.2348730564117
    87     2.236226e+00     1.800558e-01
 * time: 1769.0831768512726
    88     2.236200e+00     1.366589e-02
 * time: 1786.089392900467
    89     2.236198e+00     3.881314e-02
 * time: 1806.584035873413
    90     2.236193e+00     5.646205e-02
 * time: 1826.5612878799438
    91     2.236190e+00     9.166661e-03
 * time: 1842.3081710338593
    92     2.236189e+00     3.860405e-03
 * time: 1858.082643032074
    93     2.236182e+00     3.633384e-02
 * time: 1878.7566449642181
    94     2.236138e+00     2.823406e-02
 * time: 1894.6736979484558
    95     2.236134e+00     8.496804e-02
 * time: 1905.283040046692
    96     2.236131e+00     6.458024e-02
 * time: 1924.0255289077759
    97     2.236126e+00     4.903294e-02
 * time: 1939.648696899414
    98     2.236122e+00     2.951554e-02
 * time: 1950.2479639053345
    99     2.236121e+00     2.202344e-02
 * time: 1960.6495108604431
   100     2.236117e+00     8.251264e-03
 * time: 1975.8028149604797
current likelihood: -58844.8666611596
current error: 0.2730577572269559
 ===== EM-algorithm: iteration 3 =====
Iter     Function value   Gradient norm 
     0     2.244339e+00     4.062403e-01
 * time: 6.29425048828125e-5
     1     2.244325e+00     2.983646e-02
 * time: 10.399899959564209
     2     2.244319e+00     1.823564e-01
 * time: 31.82143783569336
     3     2.244009e+00     6.758512e-02
 * time: 58.259161949157715
     4     2.242618e+00     2.579766e-01
 * time: 78.55598187446594
     5     2.242499e+00     5.846648e-01
 * time: 94.07871985435486
     6     2.241543e+00     7.589446e-02
 * time: 114.68376898765564
     7     2.241526e+00     6.283929e-02
 * time: 134.76306700706482
     8     2.240570e+00     4.729459e-02
 * time: 165.93576002120972
     9     2.239907e+00     5.048726e-02
 * time: 183.23686385154724
    10     2.239354e+00     4.589025e-02
 * time: 198.7317090034485
    11     2.239131e+00     1.971020e-01
 * time: 219.64190196990967
    12     2.239079e+00     1.369172e-02
 * time: 241.66741800308228
    13     2.239076e+00     5.611668e-02
 * time: 557.7389538288116
    14     2.239076e+00     5.611668e-02
 * time: 979.9716038703918
    15     2.239059e+00     3.222187e-01
 * time: 990.222592830658
    16     2.239014e+00     2.937686e-02
 * time: 1005.9339380264282
    17     2.239003e+00     2.664520e-02
 * time: 1021.5912818908691
    18     2.238981e+00     1.193811e-01
 * time: 1032.1435849666595
    19     2.238908e+00     1.540906e-01
 * time: 1052.5853600502014
    20     2.238805e+00     2.080591e-02
 * time: 1071.100921869278
    21     2.238802e+00     1.907297e-02
 * time: 1086.9196000099182
    22     2.238738e+00     2.353624e-01
 * time: 1102.8396298885345
    23     2.238611e+00     8.941754e-03
 * time: 1122.0071280002594
    24     2.238602e+00     3.525541e-02
 * time: 1143.3935549259186
    25     2.238566e+00     6.995526e-02
 * time: 1159.6746408939362
    26     2.238515e+00     7.116055e-02
 * time: 1174.798532962799
    27     2.238514e+00     5.812879e-03
 * time: 1184.9365899562836
    28     2.238513e+00     4.669561e-03
 * time: 1200.7737829685211
    29     2.238486e+00     2.112346e-01
 * time: 1223.0309660434723
    30     2.238437e+00     3.260946e-02
 * time: 1238.990818977356
    31     2.238372e+00     5.562823e-02
 * time: 1263.1716740131378
    32     2.238292e+00     4.216239e-02
 * time: 1273.8499250411987
    33     2.238247e+00     1.858435e-01
 * time: 1284.167287826538
    34     2.238091e+00     6.558038e-02
 * time: 1299.7965068817139
    35     2.238087e+00     2.104303e-02
 * time: 1317.59228682518
    36     2.238082e+00     6.773810e-03
 * time: 1338.157488822937
    37     2.238070e+00     3.964909e-02
 * time: 1347.7793998718262
    38     2.238068e+00     3.190091e-02
 * time: 1636.9766368865967
    39     2.238069e+00     2.583373e-02
 * time: 1653.2790439128876
    40     2.238065e+00     4.596264e-02
 * time: 1668.4440698623657
    41     2.238058e+00     5.374803e-02
 * time: 1684.0746200084686
    42     2.238038e+00     4.900302e-02
 * time: 1704.678083896637
    43     2.237975e+00     9.020898e-02
 * time: 1714.1949248313904
    44     2.237960e+00     1.906185e-02
 * time: 1724.4558918476105
    45     2.237948e+00     6.360958e-02
 * time: 1744.425684928894
    46     2.237946e+00     9.527480e-03
 * time: 1754.594094991684
    47     2.237936e+00     1.073630e-01
 * time: 1775.8764278888702
    48     2.237920e+00     1.764934e-02
 * time: 1791.2464380264282
    49     2.237811e+00     6.197412e-02
 * time: 1811.579598903656
    50     2.237589e+00     7.516907e-02
 * time: 1821.1196899414062
    51     2.237553e+00     1.135195e-01
 * time: 1832.0398969650269
    52     2.237545e+00     2.494119e-02
 * time: 1841.8187630176544
    53     2.237542e+00     2.335149e-02
 * time: 2136.0859558582306
    54     2.237542e+00     2.335149e-02
 * time: 2572.481061935425
    55     2.237542e+00     2.335149e-02
 * time: 2982.7528479099274
    56     2.237542e+00     2.335149e-02
 * time: 3457.4887578487396
    57     2.237542e+00     2.335149e-02
 * time: 3874.0361528396606
    58     2.237542e+00     2.335149e-02
 * time: 4319.237063884735
current likelihood: -58297.66191715701
current error: 0.12823002234881398
 ===== EM-algorithm: iteration 4 =====
Iter     Function value   Gradient norm 
     0     2.241902e+00     2.659597e-01
 * time: 1.5020370483398438e-5
     1     2.241899e+00     3.915539e-02
 * time: 10.388921022415161
     2     2.241888e+00     1.481681e-01
 * time: 34.78093504905701
     3     2.241884e+00     1.451176e-01
 * time: 298.18132996559143
     4     2.241735e+00     4.177973e-02
 * time: 317.3712520599365
     5     2.240469e+00     7.132675e-01
 * time: 343.9081048965454
     6     2.240373e+00     2.992676e-02
 * time: 360.9249050617218
     7     2.240370e+00     1.554119e-02
 * time: 381.4411110877991
     8     2.239533e+00     4.276580e-02
 * time: 412.55356192588806
     9     2.238582e+00     8.443536e-02
 * time: 428.3484709262848
    10     2.238422e+00     9.485725e-02
 * time: 444.4668710231781
    11     2.237761e+00     1.061217e-01
 * time: 468.16897106170654
    12     2.237471e+00     1.972326e-02
 * time: 483.75581192970276
    13     2.237444e+00     6.884905e-02
 * time: 508.86333990097046
    14     2.237273e+00     7.906352e-02
 * time: 529.6192760467529
    15     2.237259e+00     2.164326e-01
 * time: 545.1469719409943
    16     2.237034e+00     5.194907e-02
 * time: 562.4950129985809
    17     2.237026e+00     3.160980e-02
 * time: 572.7348189353943
    18     2.237025e+00     1.556939e-02
 * time: 871.6067340373993
    19     2.237025e+00     1.556939e-02
 * time: 1288.3990280628204
    20     2.237025e+00     1.556939e-02
 * time: 1729.474119901657
current likelihood: -58157.13714109312
current error: 0.2692778730224715
 ===== EM-algorithm: iteration 5 =====
Iter     Function value   Gradient norm 
     0     2.237198e+00     2.490882e-01
 * time: 0.0008878707885742188
     1     2.237198e+00     2.490882e-01
 * time: 444.11850690841675
current likelihood: -58061.93356885759
current error: 0.40302672365986747
 ===== EM-algorithm: iteration 6 =====
Iter     Function value   Gradient norm 
     0     2.238184e+00     7.912522e-01
 * time: 1.811981201171875e-5
     1     2.238111e+00     2.967016e-02
 * time: 10.08376407623291
     2     2.238110e+00     5.262704e-02
 * time: 25.688708066940308
     3     2.237962e+00     2.165660e-01
 * time: 61.950024127960205
     4     2.237935e+00     2.349163e-01
 * time: 77.83541202545166
     5     2.237469e+00     2.428683e-02
 * time: 104.66325521469116
     6     2.237460e+00     2.758011e-02
 * time: 120.18023419380188
     7     2.237259e+00     4.840718e-02
 * time: 146.0884861946106
     8     2.237092e+00     6.465838e-02
 * time: 160.6978840827942
     9     2.237077e+00     5.568367e-02
 * time: 176.1568591594696
    10     2.236831e+00     1.527912e-01
 * time: 205.86068606376648
    11     2.236823e+00     9.596799e-02
 * time: 504.82909512519836
    12     2.236823e+00     9.596799e-02
 * time: 866.3620550632477
    13     2.236823e+00     9.596799e-02
 * time: 1321.6698870658875
current likelihood: -58124.56938233668
current error: -62.635813479093486
