ERROR: LoadError: UndefVarError: `mdFTP` not defined
Stacktrace:
 [1] top-level scope
   @ /panfs/jay/groups/5/mullinsj/mullinsj/welfare-meta-study/scripts/estimate_model_noSIPP.jl:35
in expression starting at /panfs/jay/groups/5/mullinsj/mullinsj/welfare-meta-study/scripts/estimate_model_noSIPP.jl:35
 ===== EM-algorithm: iteration 0 =====
current likelihood: -139834.65622672602
current error: 3.267541251580255
 ===== EM-algorithm: iteration 1 =====
current likelihood: -76074.14637853358
current error: 1.291778453031747
 ===== EM-algorithm: iteration 2 =====
current likelihood: -69181.82766266832
current error: 0.8375935264691381
 ===== EM-algorithm: iteration 3 =====
current likelihood: -65662.94950727059
current error: 0.3637028468157544
 ===== EM-algorithm: iteration 4 =====
current likelihood: -64920.38177856138
current error: 0.24623508464543908
 ===== EM-algorithm: iteration 5 =====
current likelihood: -64637.59130814294
current error: 0.17958223145366636
 ===== EM-algorithm: iteration 6 =====
current likelihood: -64466.43479568447
current error: 0.14181115539247724
 ===== EM-algorithm: iteration 7 =====
current likelihood: -64348.5557863987
current error: 0.11395225384295671
 ===== EM-algorithm: iteration 8 =====
current likelihood: -64259.98243728627
current error: 0.09593321698205948
 ===== EM-algorithm: iteration 9 =====
current likelihood: -64191.471945715035
current error: 0.12856647832298895
 ===== EM-algorithm: iteration 10 =====
current likelihood: -64132.389434490455
current error: 0.10264519789445403
 ===== EM-algorithm: iteration 11 =====
current likelihood: -64080.12853264719
current error: 0.09401842737904631
 ===== EM-algorithm: iteration 12 =====
current likelihood: -64032.3413423951
current error: 0.09412561177869194
 ===== EM-algorithm: iteration 13 =====
current likelihood: -63988.41246598491
current error: 0.0904789603652647
 ===== EM-algorithm: iteration 14 =====
current likelihood: -63949.174699941
current error: 0.08707500753357844
