 ===== EM-algorithm: iteration 0 =====
Iter     Function value   Gradient norm 
     0     5.051221e+01     3.963019e+01
 * time: 0.018104076385498047
     1     5.039337e+01     5.501149e+00
 * time: 1.357490062713623
     2     5.038960e+01     9.514953e-01
 * time: 2.1219401359558105
     3     5.029277e+01     7.421158e+00
 * time: 4.178106069564819
     4     5.028711e+01     2.244001e+00
 * time: 5.044433116912842
     5     5.026777e+01     1.420793e+00
 * time: 6.5361552238464355
     6     5.024028e+01     3.094818e-01
 * time: 7.399805068969727
     7     5.019153e+01     1.140041e+01
 * time: 8.843818187713623
     8     5.017866e+01     1.107268e-01
 * time: 9.777519226074219
     9     5.017861e+01     1.165685e-01
 * time: 10.646899223327637
    10     5.017214e+01     2.707584e+00
 * time: 12.394989013671875
    11     5.014480e+01     3.313517e-01
 * time: 13.557488203048706
    12     5.014466e+01     3.965719e-02
 * time: 14.650682210922241
    13     5.014372e+01     6.196276e-02
 * time: 15.694610118865967
    14     5.013356e+01     5.821314e-01
 * time: 16.70267605781555
    15     5.013284e+01     1.188758e-01
 * time: 17.52366614341736
    16     5.013275e+01     2.094704e-01
 * time: 33.08932304382324
    17     5.013275e+01     2.094704e-01
 * time: 56.98898220062256
    18     5.013275e+01     2.094704e-01
 * time: 77.01928305625916
Iter     Function value   Gradient norm 
     0     5.013275e+01     3.856254e-01
 * time: 1.71661376953125e-5
     1     5.007201e+01     1.906473e-01
 * time: 0.4494330883026123
     2     5.004483e+01     2.045249e-01
 * time: 0.8996729850769043
     3     4.950766e+01     6.355150e-01
 * time: 1.8151969909667969
     4     4.936778e+01     4.929694e-01
 * time: 2.273665189743042
     5     4.916245e+01     6.548059e-01
 * time: 2.9634041786193848
     6     4.902199e+01     3.360470e-01
 * time: 3.7483930587768555
     7     4.897438e+01     1.809624e-01
 * time: 4.46695613861084
     8     4.896333e+01     1.228413e-01
 * time: 5.143254041671753
     9     4.896045e+01     2.670392e-02
 * time: 5.595214128494263
    10     4.895969e+01     2.983925e-02
 * time: 6.259138107299805
    11     4.895445e+01     9.364836e-02
 * time: 7.3714540004730225
    12     4.895051e+01     5.599182e-02
 * time: 8.015107154846191
    13     4.894925e+01     2.899126e-02
 * time: 8.445588111877441
    14     4.894914e+01     1.187597e-03
 * time: 8.889348983764648
    15     4.894914e+01     1.758620e-04
 * time: 9.334205150604248
    16     4.894914e+01     1.202317e-05
 * time: 9.764165163040161
    17     4.894914e+01     1.538140e-07
 * time: 10.203783988952637
    18     4.894914e+01     1.319678e-09
 * time: 10.635330200195312
Iter     Function value   Gradient norm 
     0     4.894914e+01     8.265080e-01
 * time: 5.9604644775390625e-6
     1     4.894639e+01     1.770302e-01
 * time: 1.3785300254821777
     2     4.894585e+01     9.616522e-02
 * time: 2.7462809085845947
     3     4.894563e+01     1.003050e-02
 * time: 4.040076971054077
     4     4.894431e+01     7.977273e-02
 * time: 7.884628057479858
     5     4.894427e+01     7.698750e-02
 * time: 8.78721809387207
     6     4.894421e+01     1.157365e-02
 * time: 9.652868032455444
     7     4.894420e+01     1.090220e-02
 * time: 11.08382797241211
     8     4.894396e+01     2.468978e-01
 * time: 12.835026979446411
     9     4.894346e+01     3.963493e-02
 * time: 14.298135042190552
    10     4.894339e+01     1.726612e-02
 * time: 15.182102918624878
    11     4.894338e+01     3.044307e-03
 * time: 16.499226093292236
    12     4.894338e+01     2.840249e-02
 * time: 18.31860589981079
    13     4.894321e+01     1.549205e-01
 * time: 20.822298049926758
    14     4.894260e+01     1.285817e-01
 * time: 22.14812207221985
    15     4.894258e+01     1.060882e-01
 * time: 23.03268790245056
    16     4.894253e+01     1.105852e-02
 * time: 23.889089107513428
    17     4.894252e+01     1.774217e-03
 * time: 24.79930090904236
    18     4.894252e+01     1.645902e-03
 * time: 26.081103086471558
    19     4.894252e+01     1.414248e-02
 * time: 27.35978102684021
    20     4.894222e+01     8.830468e-02
 * time: 29.519763946533203
Iter     Function value   Gradient norm 
     0     4.894222e+01     8.852763e-01
 * time: 1.0967254638671875e-5
     1     4.815632e+01     9.631382e-01
 * time: 0.9406099319458008
     2     4.792337e+01     5.164510e-01
 * time: 1.9039080142974854
     3     4.772444e+01     3.077468e-01
 * time: 2.787691831588745
     4     4.762805e+01     2.834401e-01
 * time: 3.3694968223571777
     5     4.758431e+01     1.045452e-01
 * time: 3.9509449005126953
     6     4.755842e+01     1.438820e-01
 * time: 4.824132919311523
     7     4.754291e+01     3.788800e-02
 * time: 5.72859787940979
     8     4.753956e+01     2.879419e-02
 * time: 6.611922025680542
     9     4.753602e+01     3.034299e-02
 * time: 7.533457040786743
    10     4.753547e+01     2.561770e-02
 * time: 8.48741102218628
    11     4.753447e+01     1.204062e-02
 * time: 10.05496883392334
    12     4.753418e+01     3.765506e-03
 * time: 11.122676849365234
    13     4.753410e+01     3.690292e-03
 * time: 12.152323007583618
    14     4.753407e+01     1.905332e-03
 * time: 13.192697048187256
    15     4.753406e+01     2.102229e-03
 * time: 14.233942985534668
    16     4.753405e+01     7.742858e-04
 * time: 15.23884892463684
    17     4.753405e+01     5.082396e-04
 * time: 16.105597972869873
    18     4.753405e+01     4.258398e-04
 * time: 17.297677993774414
    19     4.753405e+01     3.092728e-04
 * time: 18.195348978042603
    20     4.753405e+01     6.304526e-05
 * time: 19.138052940368652
Iter     Function value   Gradient norm 
     0     4.753405e+01     5.053956e+00
 * time: 7.867813110351562e-6
     1     4.628649e+01     3.629024e+00
 * time: 0.7574799060821533
     2     4.595183e+01     1.171049e+00
 * time: 1.3078749179840088
     3     4.581566e+01     8.925694e-01
 * time: 2.0483598709106445
     4     4.566893e+01     6.655333e-01
 * time: 2.8158788681030273
     5     4.562190e+01     6.936279e-01
 * time: 3.3052079677581787
     6     4.555821e+01     6.246051e-01
 * time: 4.077318906784058
     7     4.553499e+01     2.545213e-01
 * time: 4.594099998474121
     8     4.550601e+01     5.602207e-01
 * time: 6.222271919250488
     9     4.546985e+01     3.551750e-01
 * time: 6.988966941833496
    10     4.545185e+01     3.627259e-01
 * time: 7.806536912918091
    11     4.541554e+01     5.794752e-01
 * time: 8.585757970809937
    12     4.537758e+01     3.560393e-01
 * time: 9.319928884506226
    13     4.536217e+01     4.342928e-01
 * time: 9.826223850250244
    14     4.535716e+01     3.411985e-01
 * time: 10.313276052474976
    15     4.534953e+01     2.853685e-01
 * time: 11.04560899734497
    16     4.531159e+01     3.509317e-01
 * time: 11.777593851089478
    17     4.529906e+01     2.277632e-01
 * time: 12.281879901885986
    18     4.529075e+01     2.212414e-01
 * time: 12.796901941299438
    19     4.528483e+01     1.119498e-01
 * time: 13.31555986404419
    20     4.528139e+01     1.663551e-01
 * time: 13.800349950790405
Iter     Function value   Gradient norm 
     0     4.528139e+01     1.724237e+01
 * time: 1.0967254638671875e-5
     1     4.229628e+01     4.118908e+01
 * time: 1.8610420227050781
     2     4.074864e+01     6.305535e+00
 * time: 2.8217339515686035
     3     4.023938e+01     2.154090e+00
 * time: 3.5710558891296387
     4     4.014119e+01     2.482712e+00
 * time: 4.3214850425720215
     5     4.010131e+01     1.143793e+00
 * time: 5.059115886688232
     6     4.008962e+01     2.861033e-01
 * time: 5.889216899871826
     7     4.006701e+01     3.244044e-01
 * time: 6.6950578689575195
     8     4.006368e+01     1.921215e-01
 * time: 7.2500879764556885
     9     4.006205e+01     1.824585e-01
 * time: 8.1407630443573
    10     4.006124e+01     2.845789e-02
 * time: 9.17181396484375
    11     4.006108e+01     1.954967e-02
 * time: 10.07445502281189
    12     4.006099e+01     1.422937e-02
 * time: 11.265902996063232
    13     4.006096e+01     3.636920e-03
 * time: 11.990973949432373
    14     4.006095e+01     2.627780e-03
 * time: 12.685708999633789
    15     4.006094e+01     1.362201e-02
 * time: 13.60225796699524
    16     4.006092e+01     5.458551e-03
 * time: 14.317332983016968
    17     4.006092e+01     5.590778e-03
 * time: 14.815274953842163
    18     4.006092e+01     3.057746e-03
 * time: 15.515830039978027
    19     4.006092e+01     2.727314e-03
 * time: 16.549967050552368
    20     4.006092e+01     1.853102e-03
 * time: 17.279172897338867
Iter     Function value   Gradient norm 
     0     4.006092e+01     2.003078e-01
 * time: 7.152557373046875e-6
     1     4.004437e+01     4.506482e-01
 * time: 0.5918340682983398
     2     4.003037e+01     2.218254e-01
 * time: 1.374312162399292
     3     4.001587e+01     7.009499e-02
 * time: 2.179216146469116
     4     4.000813e+01     2.687398e-02
 * time: 2.962747097015381
     5     4.000670e+01     8.196887e-03
 * time: 3.699012041091919
     6     4.000524e+01     4.310851e-02
 * time: 4.716154098510742
     7     4.000462e+01     4.355778e-03
 * time: 5.597536087036133
     8     4.000460e+01     3.244165e-03
 * time: 6.324418067932129
     9     4.000451e+01     1.713642e-02
 * time: 7.271190166473389
    10     4.000429e+01     8.402948e-03
 * time: 8.034312009811401
    11     4.000428e+01     1.084689e-04
 * time: 8.554569005966187
    12     4.000428e+01     1.200409e-05
 * time: 9.032741069793701
    13     4.000428e+01     3.354843e-05
 * time: 9.515897035598755
    14     4.000428e+01     3.124665e-07
 * time: 10.02362608909607
    15     4.000428e+01     1.140268e-07
 * time: 10.772379159927368
    16     4.000428e+01     6.543534e-09
 * time: 11.557624101638794
Iter     Function value   Gradient norm 
     0     4.000428e+01     2.183130e+01
 * time: 1.2159347534179688e-5
     1     4.000215e+01     1.818357e+00
 * time: 6.628355026245117
     2     4.000211e+01     1.803734e-01
 * time: 7.284451961517334
     3     4.000211e+01     2.260943e-01
 * time: 7.945155143737793
     4     4.000064e+01     8.452523e+00
 * time: 9.685150146484375
     5     3.999852e+01     1.000673e+01
 * time: 10.298074007034302
     6     3.999696e+01     2.344969e+00
 * time: 10.904858112335205
     7     3.999684e+01     4.706296e-01
 * time: 11.514816999435425
     8     3.999679e+01     1.186058e-01
 * time: 12.126700162887573
     9     3.999679e+01     1.486882e-02
 * time: 12.531728982925415
    10     3.999679e+01     1.503408e-03
 * time: 12.935448169708252
    11     3.999679e+01     8.693020e-03
 * time: 13.966045141220093
    12     3.999671e+01     6.303516e-02
 * time: 15.68091607093811
    13     3.999671e+01     2.241740e-03
 * time: 16.339849948883057
    14     3.999671e+01     1.227634e-02
 * time: 17.150135040283203
    15     3.999670e+01     3.129667e-01
 * time: 18.580180168151855
    16     3.999665e+01     2.117191e-01
 * time: 19.39677906036377
    17     3.999665e+01     7.182615e-04
 * time: 19.800470113754272
    18     3.999665e+01     7.190208e-04
 * time: 20.435889959335327
    19     3.999665e+01     5.140184e-02
 * time: 21.911718130111694
    20     3.999647e+01     4.614987e-01
 * time: 23.270540952682495
current likelihood: -138246.99334322292
current error: 3.5641594847975555
 ===== EM-algorithm: iteration 1 =====
Iter     Function value   Gradient norm 
     0     3.061677e+01     6.734676e+00
 * time: 7.152557373046875e-6
     1     3.061630e+01     1.303270e+00
 * time: 0.5541689395904541
     2     3.061611e+01     1.613900e+00
 * time: 1.3607420921325684
     3     3.058541e+01     1.878402e+01
 * time: 2.974735975265503
     4     3.057854e+01     1.036957e+00
 * time: 3.7938599586486816
     5     3.057824e+01     1.896653e+00
 * time: 4.922378063201904
     6     3.055492e+01     5.177664e-01
 * time: 6.345993995666504
     7     3.055128e+01     7.133703e+00
 * time: 7.8070149421691895
     8     3.054838e+01     3.504586e-01
 * time: 8.568017959594727
     9     3.054825e+01     5.553880e-02
 * time: 9.332648992538452
    10     3.054819e+01     1.579797e-01
 * time: 10.861255168914795
    11     3.054688e+01     7.770289e-01
 * time: 11.908413171768188
    12     3.054687e+01     1.195897e+00
 * time: 12.651682138442993
    13     3.054563e+01     1.589489e+00
 * time: 13.905737161636353
    14     3.054526e+01     1.076776e+00
 * time: 14.669291019439697
    15     3.054480e+01     1.393405e+00
 * time: 15.774681091308594
    16     3.054387e+01     2.528349e+00
 * time: 16.312942028045654
    17     3.054372e+01     4.657245e-02
 * time: 17.17378807067871
    18     3.054371e+01     4.826163e-02
 * time: 18.044650077819824
    19     3.054216e+01     1.317620e+00
 * time: 19.13735604286194
    20     3.054143e+01     9.163183e-02
 * time: 19.720896005630493
Iter     Function value   Gradient norm 
     0     3.054143e+01     5.771406e-01
 * time: 1.6927719116210938e-5
     1     3.051990e+01     2.179359e-01
 * time: 0.4865729808807373
     2     3.049858e+01     3.827443e-01
 * time: 1.223423957824707
     3     3.047787e+01     2.707695e-01
 * time: 2.276650905609131
     4     3.047160e+01     6.753768e-02
 * time: 2.9296300411224365
     5     3.046906e+01     1.125574e-01
 * time: 3.8239099979400635
     6     3.046504e+01     3.472203e-02
 * time: 4.504245042800903
     7     3.046116e+01     7.880391e-02
 * time: 5.366549015045166
     8     3.045810e+01     4.552019e-02
 * time: 6.015744924545288
     9     3.045103e+01     5.738302e-02
 * time: 6.9172139167785645
    10     3.044909e+01     1.878340e-02
 * time: 7.365854024887085
    11     3.044903e+01     1.626355e-03
 * time: 7.813745975494385
    12     3.044902e+01     4.295996e-04
 * time: 8.468132972717285
    13     3.044902e+01     3.483935e-04
 * time: 8.910324096679688
    14     3.044902e+01     9.319976e-06
 * time: 9.576142072677612
    15     3.044902e+01     6.240156e-08
 * time: 10.034225940704346
    16     3.044902e+01     6.269503e-10
 * time: 10.491374015808105
Iter     Function value   Gradient norm 
     0     3.044902e+01     5.760520e-01
 * time: 5.0067901611328125e-6
     1     3.044829e+01     2.596627e-01
 * time: 1.3401548862457275
     2     3.044808e+01     2.324586e-01
 * time: 2.743095874786377
     3     3.044785e+01     5.516031e-02
 * time: 4.148051023483276
     4     3.044652e+01     2.748561e-01
 * time: 7.007236957550049
     5     3.044632e+01     7.885772e-02
 * time: 8.345499992370605
     6     3.044629e+01     2.470876e-02
 * time: 9.70745587348938
     7     3.044629e+01     1.671412e-02
 * time: 11.117995023727417
     8     3.044629e+01     1.908170e-02
 * time: 12.884833097457886
     9     3.044584e+01     3.173779e-01
 * time: 15.585033893585205
    10     3.044536e+01     9.037246e-02
 * time: 17.30107593536377
    11     3.044534e+01     5.979981e-03
 * time: 18.183430910110474
    12     3.044534e+01     4.934936e-03
 * time: 19.4826500415802
    13     3.044534e+01     3.639450e-02
 * time: 21.237746953964233
    14     3.044531e+01     9.963044e-02
 * time: 22.97623610496521
    15     3.044525e+01     6.072508e-02
 * time: 24.26354193687439
    16     3.044523e+01     3.152744e-03
 * time: 25.618560075759888
    17     3.044523e+01     7.883058e-03
 * time: 26.980779886245728
    18     3.044518e+01     3.947435e-02
 * time: 29.85657000541687
    19     3.044489e+01     1.064599e-01
 * time: 31.645320892333984
    20     3.044487e+01     3.964226e-03
 * time: 32.51801300048828
Iter     Function value   Gradient norm 
     0     3.044487e+01     1.904297e-01
 * time: 1.3113021850585938e-5
     1     3.040398e+01     2.161791e-01
 * time: 0.5904901027679443
     2     3.034966e+01     7.240628e-02
 * time: 1.4754669666290283
     3     3.033056e+01     4.992003e-02
 * time: 2.371735095977783
     4     3.032368e+01     2.353876e-02
 * time: 3.299994945526123
     5     3.032146e+01     1.586866e-02
 * time: 4.199115991592407
     6     3.032053e+01     9.300541e-03
 * time: 5.222450017929077
     7     3.032026e+01     3.392825e-03
 * time: 6.254328966140747
     8     3.032021e+01     5.069066e-03
 * time: 7.3074259757995605
     9     3.032010e+01     3.803363e-03
 * time: 8.729262113571167
    10     3.032002e+01     2.356294e-03
 * time: 9.631397008895874
    11     3.032001e+01     7.233580e-04
 * time: 10.546826124191284
    12     3.032001e+01     1.097872e-03
 * time: 11.467182159423828
    13     3.032001e+01     2.390589e-04
 * time: 12.047338962554932
    14     3.032001e+01     6.039886e-06
 * time: 12.920835018157959
    15     3.032001e+01     2.481458e-06
 * time: 13.824625015258789
    16     3.032001e+01     1.924951e-06
 * time: 14.447602987289429
    17     3.032001e+01     9.274398e-07
 * time: 15.353286981582642
    18     3.032001e+01     3.245142e-07
 * time: 15.958786964416504
    19     3.032001e+01     2.918741e-07
 * time: 16.939032077789307
    20     3.032001e+01     3.061583e-07
 * time: 17.53506112098694
Iter     Function value   Gradient norm 
     0     3.032001e+01     8.110784e-01
 * time: 6.9141387939453125e-6
     1     3.028749e+01     1.707006e+00
 * time: 0.5216319561004639
     2     3.021922e+01     9.169329e-01
 * time: 1.355799913406372
     3     3.015886e+01     9.236987e-01
 * time: 2.2440848350524902
     4     3.009008e+01     4.690834e-01
 * time: 3.142287015914917
     5     3.007417e+01     2.769846e-01
 * time: 3.6687018871307373
     6     3.005687e+01     4.400279e-01
 * time: 4.420814037322998
     7     3.004143e+01     1.808217e-01
 * time: 5.253551959991455
     8     3.003620e+01     1.750390e-01
 * time: 6.059583902359009
     9     3.003000e+01     1.735964e-01
 * time: 6.798141002655029
    10     3.002543e+01     4.486806e-02
 * time: 7.542598009109497
    11     3.002493e+01     2.058927e-02
 * time: 8.25478196144104
    12     3.002475e+01     1.841251e-02
 * time: 8.989210844039917
    13     3.002469e+01     3.726852e-02
 * time: 9.71756100654602
    14     3.002466e+01     1.337642e-02
 * time: 10.207612037658691
    15     3.002463e+01     1.675886e-02
 * time: 11.032431840896606
    16     3.002455e+01     5.249591e-03
 * time: 11.854418992996216
    17     3.002455e+01     1.768563e-03
 * time: 13.262192010879517
    18     3.002455e+01     1.542165e-03
 * time: 14.021666049957275
    19     3.002454e+01     5.054319e-03
 * time: 15.2917799949646
    20     3.002453e+01     7.606528e-03
 * time: 16.01879096031189
Iter     Function value   Gradient norm 
     0     3.002453e+01     1.438747e-01
 * time: 1.0967254638671875e-5
     1     3.002416e+01     1.567043e-01
 * time: 0.5303521156311035
     2     3.002400e+01     2.656203e-02
 * time: 1.0425529479980469
     3     3.002398e+01     1.887847e-02
 * time: 1.7949309349060059
     4     3.002393e+01     2.091154e-02
 * time: 2.5255539417266846
     5     3.002392e+01     1.252321e-02
 * time: 3.025480031967163
     6     3.002390e+01     1.378805e-02
 * time: 3.989197015762329
     7     3.002389e+01     5.673497e-03
 * time: 4.766036033630371
     8     3.002388e+01     4.480480e-03
 * time: 5.61469292640686
     9     3.002388e+01     2.468263e-03
 * time: 6.64590311050415
    10     3.002388e+01     1.095228e-03
 * time: 7.1112799644470215
    11     3.002388e+01     1.282788e-03
 * time: 7.823925971984863
    12     3.002388e+01     1.333119e-03
 * time: 8.749951124191284
    13     3.002387e+01     2.675991e-03
 * time: 9.475669145584106
    14     3.002387e+01     1.661570e-04
 * time: 9.948198080062866
    15     3.002387e+01     3.910883e-05
 * time: 10.651714086532593
    16     3.002387e+01     3.914657e-05
 * time: 11.363791942596436
    17     3.002387e+01     9.437511e-06
 * time: 11.918566942214966
    18     3.002387e+01     1.989419e-06
 * time: 12.617715120315552
    19     3.002387e+01     8.616727e-07
 * time: 13.094422101974487
    20     3.002387e+01     5.502017e-08
 * time: 13.653290033340454
Iter     Function value   Gradient norm 
     0     3.002387e+01     3.971530e-02
 * time: 5.0067901611328125e-6
     1     3.002302e+01     8.860906e-02
 * time: 0.5150070190429688
     2     3.002249e+01     3.762921e-02
 * time: 1.026859998703003
     3     3.002175e+01     2.250839e-02
 * time: 2.1075809001922607
     4     3.002046e+01     2.598650e-02
 * time: 3.1478588581085205
     5     3.001459e+01     5.872662e-02
 * time: 4.414032936096191
     6     3.001209e+01     9.284289e-02
 * time: 4.88258695602417
     7     3.001145e+01     1.890641e-02
 * time: 5.348453998565674
     8     3.001134e+01     7.343964e-03
 * time: 6.076169967651367
     9     3.001115e+01     3.440296e-02
 * time: 7.073781967163086
    10     3.001040e+01     1.370796e-02
 * time: 8.136313915252686
    11     3.001037e+01     1.460413e-03
 * time: 8.87520694732666
    12     3.001037e+01     9.907187e-04
 * time: 9.638625860214233
    13     3.001037e+01     3.467163e-04
 * time: 10.144268989562988
    14     3.001037e+01     5.606536e-05
 * time: 10.598067045211792
    15     3.001037e+01     6.550035e-06
 * time: 11.104431867599487
    16     3.001037e+01     2.022554e-08
 * time: 11.813998937606812
    17     3.001037e+01     1.895784e-10
 * time: 12.536364078521729
Iter     Function value   Gradient norm 
     0     3.001037e+01     4.052416e+00
 * time: 6.9141387939453125e-6
     1     3.001010e+01     1.367300e+00
 * time: 2.3856890201568604
     2     3.001007e+01     7.840343e-02
 * time: 2.8294179439544678
     3     3.001007e+01     3.710767e-01
 * time: 3.7037999629974365
     4     3.000928e+01     1.619431e+00
 * time: 5.026745796203613
     5     3.000922e+01     2.753409e-01
 * time: 5.696569919586182
     6     3.000922e+01     4.822763e-03
 * time: 6.365763902664185
     7     3.000922e+01     3.245974e-03
 * time: 7.039521932601929
     8     3.000905e+01     7.661546e-01
 * time: 9.28153681755066
     9     3.000893e+01     1.390374e-02
 * time: 9.886399984359741
    10     3.000893e+01     1.586609e-03
 * time: 10.52155590057373
    11     3.000893e+01     7.162797e-03
 * time: 11.363480806350708
    12     3.000893e+01     1.466593e-01
 * time: 12.600113868713379
    13     3.000883e+01     1.814970e-01
 * time: 13.884289026260376
    14     3.000882e+01     1.649632e-02
 * time: 14.516642808914185
    15     3.000882e+01     4.636194e-04
 * time: 15.13602089881897
    16     3.000882e+01     2.891409e-04
 * time: 15.772743940353394
    17     3.000882e+01     3.915590e-02
 * time: 17.423492908477783
    18     3.000876e+01     2.549371e-01
 * time: 18.667464017868042
    19     3.000875e+01     2.079282e-02
 * time: 19.076188802719116
    20     3.000875e+01     1.324604e-03
 * time: 19.486058950424194
current likelihood: -75443.17277835452
current error: 0.9679854853771981
 ===== EM-algorithm: iteration 2 =====
Iter     Function value   Gradient norm 
     0     2.754183e+01     1.686556e+01
 * time: 1.4066696166992188e-5
     1     2.753769e+01     1.703271e+00
 * time: 0.4905109405517578
     2     2.753751e+01     6.935073e-01
 * time: 1.2362539768218994
     3     2.753213e+01     5.326531e+00
 * time: 2.855760097503662
     4     2.753181e+01     2.259683e+00
 * time: 17.22921395301819
     5     2.753181e+01     2.259683e+00
 * time: 36.888498067855835
slurmstepd: error: *** JOB 160180432 ON cn1016 CANCELLED AT 2023-11-13T11:11:33 ***
