 ===== EM-algorithm: iteration 0 =====
Iter     Function value   Gradient norm 
     0     4.528550e+01     4.338976e+01
 * time: 0.028641939163208008
     1     4.513360e+01     5.738622e+00
 * time: 5.477330923080444
     2     4.513075e+01     1.129668e+00
 * time: 9.514657974243164
     3     4.500923e+01     1.067806e+00
 * time: 18.664937019348145
     4     4.495731e+01     2.421291e+00
 * time: 22.614929914474487
     5     4.495274e+01     8.683386e-01
 * time: 33.08943700790405
     6     4.495258e+01     2.364060e-01
 * time: 37.436826944351196
     7     4.495207e+01     5.324388e-01
 * time: 42.567914962768555
     8     4.490283e+01     3.707864e+00
 * time: 55.453211069107056
     9     4.488293e+01     1.338332e-01
 * time: 59.04335594177246
    10     4.488239e+01     1.700784e+00
 * time: 65.56872892379761
    11     4.482965e+01     4.460390e+00
 * time: 76.88605499267578
    12     4.482801e+01     9.168794e-02
 * time: 80.5452709197998
    13     4.482800e+01     9.126534e-02
 * time: 84.36907601356506
    14     4.482531e+01     2.336468e+00
 * time: 89.6716730594635
    15     4.480831e+01     4.032880e-01
 * time: 100.98427200317383
    16     4.480830e+01     3.974283e-01
 * time: 181.574481010437
    17     4.480830e+01     3.974283e-01
 * time: 281.1517858505249
    18     4.480830e+01     3.974283e-01
 * time: 374.7078540325165
Iter     Function value   Gradient norm 
     0     4.480830e+01     2.063891e-01
 * time: 1.71661376953125e-5
     1     4.479771e+01     1.023235e-01
 * time: 0.8861560821533203
     2     4.478355e+01     9.577504e-02
 * time: 2.4481201171875
     3     4.441529e+01     4.430511e-01
 * time: 13.296244144439697
     4     4.431885e+01     6.373298e-01
 * time: 14.272435188293457
     5     4.422910e+01     1.211031e-01
 * time: 15.364567995071411
     6     4.418729e+01     1.496977e-01
 * time: 17.33258819580078
     7     4.408922e+01     2.505548e-01
 * time: 19.292468070983887
     8     4.406294e+01     8.339288e-02
 * time: 20.5316641330719
     9     4.405493e+01     3.360461e-02
 * time: 22.47470998764038
    10     4.404473e+01     8.043224e-02
 * time: 24.42430019378662
    11     4.404118e+01     1.473189e-02
 * time: 26.384150981903076
    12     4.403938e+01     4.186361e-02
 * time: 28.36583709716797
    13     4.403790e+01     3.343120e-02
 * time: 30.354676008224487
    14     4.403727e+01     1.422393e-02
 * time: 32.316402196884155
    15     4.403690e+01     9.550952e-03
 * time: 41.89264416694641
    16     4.403672e+01     8.665971e-03
 * time: 43.654579162597656
    17     4.403666e+01     2.850453e-03
 * time: 45.636216163635254
    18     4.403663e+01     1.148076e-03
 * time: 47.83733820915222
    19     4.403663e+01     2.262781e-03
 * time: 49.14545702934265
    20     4.403662e+01     3.944708e-04
 * time: 51.064449071884155
Iter     Function value   Gradient norm 
     0     4.403662e+01     3.057666e-01
 * time: 2.002716064453125e-5
     1     4.401338e+01     2.513086e-01
 * time: 3.7022719383239746
     2     4.399727e+01     1.747258e-01
 * time: 7.436853885650635
     3     4.399298e+01     1.318607e-01
 * time: 15.812288045883179
     4     4.398838e+01     3.905645e-02
 * time: 18.56182599067688
     5     4.398791e+01     3.185144e-02
 * time: 21.24808692932129
     6     4.398777e+01     1.799917e-02
 * time: 25.997063875198364
     7     4.398734e+01     7.646634e-02
 * time: 33.63210201263428
     8     4.398681e+01     4.498746e-02
 * time: 38.56657099723816
     9     4.398628e+01     6.968064e-02
 * time: 42.76129984855652
    10     4.398586e+01     2.483831e-02
 * time: 46.710800886154175
    11     4.398579e+01     5.303578e-03
 * time: 51.890097856521606
    12     4.398575e+01     9.337295e-03
 * time: 55.865914821624756
    13     4.398555e+01     2.988091e-02
 * time: 62.25481200218201
    14     4.398492e+01     4.742059e-02
 * time: 66.77779483795166
    15     4.398341e+01     5.327733e-02
 * time: 72.06961989402771
    16     4.398312e+01     1.192509e-02
 * time: 74.71063899993896
    17     4.398309e+01     5.262758e-03
 * time: 77.3953869342804
    18     4.398307e+01     6.020273e-03
 * time: 81.87896203994751
    19     4.398301e+01     2.078659e-02
 * time: 88.2292709350586
    20     4.398248e+01     3.466878e-02
 * time: 93.77060890197754
Iter     Function value   Gradient norm 
     0     4.398248e+01     4.927679e-01
 * time: 1.3828277587890625e-5
     1     4.360975e+01     5.435544e-01
 * time: 4.196749925613403
     2     4.333188e+01     5.839355e-01
 * time: 6.857597827911377
     3     4.297271e+01     5.418211e-01
 * time: 12.421236038208008
     4     4.289400e+01     4.865184e-01
 * time: 15.712740898132324
     5     4.272623e+01     1.291560e-01
 * time: 19.003053903579712
     6     4.269853e+01     1.985323e-01
 * time: 22.390039920806885
     7     4.267912e+01     1.229253e-01
 * time: 25.50305199623108
     8     4.266737e+01     7.632277e-02
 * time: 30.78583788871765
     9     4.264739e+01     5.963762e-02
 * time: 34.84139394760132
    10     4.264488e+01     3.524600e-02
 * time: 38.92686986923218
    11     4.264285e+01     2.138176e-02
 * time: 46.62782001495361
    12     4.264195e+01     6.971140e-03
 * time: 50.72813606262207
    13     4.264118e+01     3.352202e-02
 * time: 54.85174798965454
    14     4.264040e+01     6.898975e-03
 * time: 58.92878293991089
    15     4.263976e+01     2.298025e-02
 * time: 65.46789383888245
    16     4.263913e+01     7.743671e-03
 * time: 70.62045288085938
    17     4.263870e+01     9.023472e-03
 * time: 77.50834083557129
    18     4.263857e+01     3.329816e-03
 * time: 81.25510501861572
    19     4.263848e+01     5.855559e-03
 * time: 87.04159498214722
    20     4.263844e+01     1.148143e-03
 * time: 91.08090901374817
Iter     Function value   Gradient norm 
     0     4.263844e+01     1.450819e+00
 * time: 5.412101745605469e-5
     1     4.159571e+01     1.319232e+00
 * time: 2.763154983520508
     2     4.108902e+01     7.491257e-01
 * time: 6.179373025894165
     3     4.096724e+01     6.703254e-01
 * time: 12.305487155914307
     4     4.084228e+01     5.286904e-01
 * time: 17.160582065582275
     5     4.075705e+01     3.392508e-01
 * time: 21.195361137390137
     6     4.072270e+01     2.526241e-01
 * time: 25.17243504524231
     7     4.070338e+01     3.144723e-01
 * time: 30.18175506591797
     8     4.068602e+01     1.889748e-01
 * time: 34.278156995773315
     9     4.067286e+01     2.270066e-01
 * time: 39.06855607032776
    10     4.064812e+01     1.776222e-01
 * time: 44.12814807891846
    11     4.062951e+01     1.816022e-01
 * time: 49.173633098602295
    12     4.061305e+01     1.723584e-01
 * time: 53.23143219947815
    13     4.060575e+01     1.923417e-01
 * time: 57.32297706604004
    14     4.059772e+01     1.861713e-01
 * time: 61.741334199905396
    15     4.058500e+01     1.110770e-01
 * time: 67.84164118766785
    16     4.057325e+01     1.024206e-01
 * time: 72.75769305229187
    17     4.055834e+01     1.437793e-01
 * time: 76.87244510650635
    18     4.054972e+01     9.994576e-02
 * time: 79.6140730381012
    19     4.054227e+01     1.254128e-01
 * time: 83.63639712333679
    20     4.053152e+01     1.870095e-01
 * time: 87.03455018997192
Iter     Function value   Gradient norm 
     0     4.053152e+01     1.197884e+01
 * time: 1.0013580322265625e-5
/var/spool/slurmd/job160179329/slurm_script: line 11: 3769099 Killed                  ~/julia-1.9.3/bin/julia -t 100 scripts/estimate_model_childsample_K8.jl
slurmstepd: error: Detected 1 oom-kill event(s) in StepId=160179329.batch. Some of your processes may have been killed by the cgroup out-of-memory handler.
