 ===== EM-algorithm: iteration 0 =====
Iter     Function value   Gradient norm 
     0     4.528388e+01     4.384971e+01
 * time: 0.026942968368530273
     1     4.512860e+01     5.727380e+00
 * time: 5.485714912414551
     2     4.512573e+01     1.138251e+00
 * time: 10.119940042495728
     3     4.500287e+01     1.014192e+00
 * time: 20.392987966537476
     4     4.495044e+01     2.554449e+00
 * time: 24.84246802330017
     5     4.494823e+01     1.300372e+00
 * time: 29.522417068481445
     6     4.494762e+01     7.488868e-02
 * time: 33.9983229637146
     7     4.494762e+01     8.046128e-01
 * time: 120.55912804603577
     8     4.489059e+01     5.231127e+00
 * time: 127.70824384689331
     9     4.487681e+01     4.193271e-01
 * time: 132.1485550403595
    10     4.487676e+01     1.200505e-01
 * time: 136.77469897270203
    11     4.487664e+01     4.565955e-01
 * time: 223.74994087219238
    12     4.487659e+01     2.520908e+00
 * time: 308.29891991615295
    13     4.482577e+01     2.154483e+00
 * time: 314.3302948474884
    14     4.482350e+01     7.094301e-01
 * time: 317.11022686958313
    15     4.481969e+01     7.714325e-01
 * time: 321.4089710712433
    16     4.480735e+01     4.748178e+00
 * time: 327.4974329471588
    17     4.480137e+01     7.935940e-01
 * time: 330.496346950531
    18     4.480078e+01     1.271641e-01
 * time: 333.5126750469208
    19     4.480069e+01     9.792970e-02
 * time: 338.3508789539337
    20     4.480070e+01     3.356375e-02
 * time: 422.3926799297333
    21     4.480072e+01     8.366782e-02
 * time: 506.9219329357147
    22     4.480014e+01     1.130455e+00
 * time: 511.57052087783813
    23     4.479104e+01     8.917134e-01
 * time: 517.4534809589386
    24     4.479060e+01     8.505089e-02
 * time: 520.4459180831909
    25     4.479018e+01     2.741849e-02
 * time: 524.9288840293884
    26     4.478973e+01     1.026514e+00
 * time: 532.8681209087372
    27     4.478513e+01     8.250680e-01
 * time: 537.6268320083618
    28     4.478441e+01     2.927594e+00
 * time: 540.859118938446
    29     4.477827e+01     2.854892e-01
 * time: 547.4146468639374
    30     4.477750e+01     1.236064e-01
 * time: 550.4100298881531
    31     4.477747e+01     3.862316e-02
 * time: 629.9472770690918
    32     4.477747e+01     3.862316e-02
 * time: 732.1609990596771
    33     4.477747e+01     3.862316e-02
 * time: 855.6294009685516
Iter     Function value   Gradient norm 
     0     4.477747e+01     1.434784e-01
 * time: 2.7894973754882812e-5
     1     4.476668e+01     1.095845e-01
 * time: 2.6420750617980957
     2     4.475540e+01     9.240575e-02
 * time: 6.379473924636841
     3     4.450085e+01     3.560427e-01
 * time: 13.490001916885376
/var/spool/slurmd/job160451038/slurm_script: line 11: 3964681 Killed                  ~/julia-1.9.3/bin/julia -t 100 scripts/estimate_model_childsample_K10.jl
slurmstepd: error: Detected 1 oom-kill event(s) in StepId=160451038.batch. Some of your processes may have been killed by the cgroup out-of-memory handler.
