 ===== EM-algorithm: iteration 0 =====
finished type 1....
finished type 2....
finished type 3....
finished type 4....
finished type 5....
current likelihood: -32.00804894748048
current error: Inf, 7.149818621517895
 ===== EM-algorithm: iteration 1 =====
finished type 1....
finished type 2....
finished type 3....
finished type 4....
finished type 5....
current likelihood: -17.56805693004186
current error: 14.439992017438623, 2.2218439217180794
 ===== EM-algorithm: iteration 2 =====
finished type 1....
finished type 2....
finished type 3....
finished type 4....
finished type 5....
current likelihood: -15.38733934777941
current error: 2.1807175822624494, 2.027672684182198
 ===== EM-algorithm: iteration 3 =====
finished type 1....
finished type 2....
finished type 3....
finished type 4....
finished type 5....
current likelihood: -14.596021854621357
current error: 0.7913174931580524, 1.0626453592565817
 ===== EM-algorithm: iteration 4 =====
finished type 1....
finished type 2....
finished type 3....
finished type 4....
finished type 5....
current likelihood: -14.363663760820485
current error: 0.23235809380087247, 0.635754130283376
 ===== EM-algorithm: iteration 5 =====
finished type 1....
finished type 2....
finished type 3....
finished type 4....
finished type 5....
current likelihood: -14.272491300087976
current error: 0.0911724607325084, 0.33544223588535793
 ===== EM-algorithm: iteration 6 =====
finished type 1....
finished type 2....
finished type 3....
finished type 4....
finished type 5....
current likelihood: -14.231640550388212
current error: 0.04085074969976432, 0.1916323641899349
 ===== EM-algorithm: iteration 7 =====
finished type 1....
finished type 2....
finished type 3....
finished type 4....
finished type 5....
current likelihood: -14.201181536465313
current error: 0.030459013922898848, 0.22447275830262647
 ===== EM-algorithm: iteration 8 =====
finished type 1....
finished type 2....
finished type 3....
finished type 4....
finished type 5....
current likelihood: -14.186578921495345
current error: 0.014602614969968286, 0.24687691656369637
 ===== EM-algorithm: iteration 9 =====
finished type 1....
finished type 2....
finished type 3....
finished type 4....
finished type 5....
current likelihood: -14.166089471242914
current error: 0.02048945025243043, 0.2305129498910281
 ===== EM-algorithm: iteration 10 =====
finished type 1....
finished type 2....
finished type 3....
finished type 4....
finished type 5....
current likelihood: -14.148798850911836
current error: 0.017290620331078088, 0.21188231238066724
 ===== EM-algorithm: iteration 11 =====
finished type 1....
finished type 2....
finished type 3....
finished type 4....
finished type 5....
current likelihood: -14.13643415854331
current error: 0.012364692368526775, 0.21260706730031664
 ===== EM-algorithm: iteration 12 =====
finished type 1....
finished type 2....
finished type 3....
finished type 4....
finished type 5....
current likelihood: -14.126810287251162
current error: 0.009623871292147257, 0.18592212826572396
 ===== EM-algorithm: iteration 13 =====
finished type 1....
finished type 2....
finished type 3....
finished type 4....
finished type 5....
current likelihood: -14.117294615037178
current error: 0.009515672213984416, 0.16977498205755825
 ===== EM-algorithm: iteration 14 =====
finished type 1....
finished type 2....
finished type 3....
finished type 4....
finished type 5....
current likelihood: -14.110157903049922
current error: 0.00713671198725585, 0.13859112884028857
 ===== EM-algorithm: iteration 15 =====
finished type 1....
finished type 2....
finished type 3....
finished type 4....
finished type 5....
current likelihood: -14.099062446731853
current error: 0.011095456318068742, 0.1254057475371253
 ===== EM-algorithm: iteration 16 =====
finished type 1....
finished type 2....
finished type 3....
finished type 4....
finished type 5....
current likelihood: -14.09319589408395
current error: 0.005866552647903589, 0.11746131565415041
 ===== EM-algorithm: iteration 17 =====
finished type 1....
finished type 2....
finished type 3....
finished type 4....
finished type 5....
current likelihood: -14.088276201382676
current error: 0.004919692701273348, 0.12863750520272355
 ===== EM-algorithm: iteration 18 =====
finished type 1....
finished type 2....
finished type 3....
finished type 4....
finished type 5....
current likelihood: -14.079171904067964
current error: 0.009104297314712184, 0.1380918470485346
 ===== EM-algorithm: iteration 19 =====
finished type 1....
finished type 2....
finished type 3....
finished type 4....
finished type 5....
current likelihood: -14.073913614212401
current error: 0.005258289855563092, 0.13292097610490217
 ===== EM-algorithm: iteration 20 =====
finished type 1....
finished type 2....
finished type 3....
finished type 4....
finished type 5....
current likelihood: -14.069409558422338
current error: 0.004504055790063077, 0.1313109736767526
 ===== EM-algorithm: iteration 21 =====
finished type 1....
finished type 2....
finished type 3....
finished type 4....
finished type 5....
current likelihood: -14.06509630991178
current error: 0.004313248510557699, 0.13172875490983316
 ===== EM-algorithm: iteration 22 =====
finished type 1....
finished type 2....
finished type 3....
finished type 4....
finished type 5....
current likelihood: -14.061345224120267
current error: 0.0037510857915137308, 0.12612777692557398
 ===== EM-algorithm: iteration 23 =====
finished type 1....
finished type 2....
finished type 3....
finished type 4....
finished type 5....
current likelihood: -14.05790784069374
current error: 0.0034373834265259973, 0.1228735961156886
 ===== EM-algorithm: iteration 24 =====
finished type 1....
finished type 2....
finished type 3....
finished type 4....
finished type 5....
current likelihood: -14.05176511773159
current error: 0.006142722962151126, 0.12528499354318878
 ===== EM-algorithm: iteration 25 =====
finished type 1....
finished type 2....
finished type 3....
finished type 4....
finished type 5....
current likelihood: -14.048093284499775
current error: 0.0036718332318148583, 0.12056558475732526
 ===== EM-algorithm: iteration 26 =====
finished type 1....
finished type 2....
finished type 3....
finished type 4....
finished type 5....
current likelihood: -14.041987521779827
current error: 0.00610576271994745, 0.11619471864862696
 ===== EM-algorithm: iteration 27 =====
finished type 1....
finished type 2....
finished type 3....
finished type 4....
finished type 5....
current likelihood: -14.038576567826034
current error: 0.0034109539537929834, 0.11009359097362736
 ===== EM-algorithm: iteration 28 =====
finished type 1....
finished type 2....
finished type 3....
finished type 4....
finished type 5....
current likelihood: -14.033659673384957
current error: 0.004916894441077346, 0.1114889850084122
 ===== EM-algorithm: iteration 29 =====
finished type 1....
finished type 2....
finished type 3....
finished type 4....
finished type 5....
current likelihood: -14.0302348112021
current error: 0.0034248621828574244, 0.10612508040099566
 ===== EM-algorithm: iteration 30 =====
finished type 1....
finished type 2....
finished type 3....
finished type 4....
finished type 5....
current likelihood: -14.026310889976461
current error: 0.003923921225638338, 0.10316042807317682
 ===== EM-algorithm: iteration 31 =====
finished type 1....
finished type 2....
finished type 3....
finished type 4....
finished type 5....
current likelihood: -14.022352746401491
current error: 0.003958143574969597, 0.1037817555899867
 ===== EM-algorithm: iteration 32 =====
finished type 1....
finished type 2....
finished type 3....
finished type 4....
finished type 5....
current likelihood: -14.017884643576158
current error: 0.0044681028253332755, 0.1066146659770364
 ===== EM-algorithm: iteration 33 =====
finished type 1....
finished type 2....
finished type 3....
finished type 4....
finished type 5....
current likelihood: -14.012707065668154
current error: 0.005177577908003883, 0.11516565359482622
 ===== EM-algorithm: iteration 34 =====
finished type 1....
finished type 2....
finished type 3....
finished type 4....
finished type 5....
current likelihood: -14.007419452037988
current error: 0.005287613630166277, 0.11919765585716857
 ===== EM-algorithm: iteration 35 =====
finished type 1....
finished type 2....
finished type 3....
finished type 4....
finished type 5....
current likelihood: -14.00221822388113
current error: 0.005201228156858306, 0.1137276771552922
 ===== EM-algorithm: iteration 36 =====
finished type 1....
finished type 2....
finished type 3....
finished type 4....
finished type 5....
current likelihood: -13.996140022635112
current error: 0.006078201246017656, 0.10732789414001864
 ===== EM-algorithm: iteration 37 =====
finished type 1....
finished type 2....
finished type 3....
finished type 4....
finished type 5....
current likelihood: -13.985371204790614
current error: 0.010768817844498457, 0.10381108523974936
 ===== EM-algorithm: iteration 38 =====
finished type 1....
finished type 2....
finished type 3....
finished type 4....
finished type 5....
current likelihood: -13.980124968629505
current error: 0.0052462361611080865, 0.09119165262029671
 ===== EM-algorithm: iteration 39 =====
finished type 1....
finished type 2....
finished type 3....
finished type 4....
finished type 5....
current likelihood: -13.974987960419883
current error: 0.0051370082096227065, 0.08966606503309471
 ===== EM-algorithm: iteration 40 =====
finished type 1....
finished type 2....
finished type 3....
finished type 4....
finished type 5....
current likelihood: -13.970496673944524
current error: 0.004491286475358791, 0.0886958842092822
 ===== EM-algorithm: iteration 41 =====
finished type 1....
finished type 2....
finished type 3....
finished type 4....
finished type 5....
current likelihood: -13.966168164509263
current error: 0.004328509435261196, 0.08571602266885936
 ===== EM-algorithm: iteration 42 =====
finished type 1....
finished type 2....
finished type 3....
finished type 4....
finished type 5....
current likelihood: -13.96340371325919
current error: 0.0027644512500728524, 0.21414060894768205
 ===== EM-algorithm: iteration 43 =====
finished type 1....
finished type 2....
finished type 3....
finished type 4....
finished type 5....
current likelihood: -13.960967246935178
current error: 0.0024364663240117324, 0.09044740332921641
 ===== EM-algorithm: iteration 44 =====
finished type 1....
finished type 2....
finished type 3....
finished type 4....
finished type 5....
current likelihood: -13.95739193903254
current error: 0.0035753079026381585, 0.0813069936754598
 ===== EM-algorithm: iteration 45 =====
finished type 1....
finished type 2....
finished type 3....
finished type 4....
finished type 5....
current likelihood: -13.953389605259654
current error: 0.004002333772886502, 0.07968186130912791
 ===== EM-algorithm: iteration 46 =====
finished type 1....
finished type 2....
finished type 3....
finished type 4....
finished type 5....
current likelihood: -13.95085677913906
current error: 0.0025328261205928015, 0.07867383037000852
 ===== EM-algorithm: iteration 47 =====
finished type 1....
finished type 2....
finished type 3....
finished type 4....
finished type 5....
current likelihood: -13.948237427610627
current error: 0.0026193515284340663, 0.07660143525083019
 ===== EM-algorithm: iteration 48 =====
finished type 1....
finished type 2....
finished type 3....
finished type 4....
finished type 5....
current likelihood: -13.945701007623457
current error: 0.0025364199871695803, 0.07595113019528554
 ===== EM-algorithm: iteration 49 =====
finished type 1....
finished type 2....
finished type 3....
finished type 4....
finished type 5....
current likelihood: -13.94383308697777
current error: 0.0018679206456866382, 0.18567975594122643
 ===== EM-algorithm: iteration 50 =====
finished type 1....
finished type 2....
finished type 3....
finished type 4....
finished type 5....
current likelihood: -13.941040743368125
current error: 0.002792343609645087, 0.07188310225705408
 ===== EM-algorithm: iteration 51 =====
finished type 1....
finished type 2....
finished type 3....
finished type 4....
finished type 5....
current likelihood: -13.937575068060811
current error: 0.003465675307314342, 0.0710477181034106
 ===== EM-algorithm: iteration 52 =====
finished type 1....
finished type 2....
finished type 3....
finished type 4....
finished type 5....
current likelihood: -13.934797318585519
current error: 0.0027777494752925236, 0.20559712573119437
 ===== EM-algorithm: iteration 53 =====
finished type 1....
finished type 2....
finished type 3....
finished type 4....
finished type 5....
current likelihood: -13.931253427632436
current error: 0.003543890953082496, 0.06605536375167187
 ===== EM-algorithm: iteration 54 =====
finished type 1....
finished type 2....
finished type 3....
finished type 4....
finished type 5....
current likelihood: -13.927298015199085
current error: 0.003955412433350958, 0.23277015774999565
 ===== EM-algorithm: iteration 55 =====
finished type 1....
finished type 2....
finished type 3....
finished type 4....
finished type 5....
current likelihood: -13.923900573704024
current error: 0.0033974414950606047, 0.07972315503477834
 ===== EM-algorithm: iteration 56 =====
finished type 1....
finished type 2....
finished type 3....
finished type 4....
finished type 5....
current likelihood: -13.921121517967933
current error: 0.002779055736091607, 0.09637847854456272
 ===== EM-algorithm: iteration 57 =====
finished type 1....
finished type 2....
finished type 3....
finished type 4....
finished type 5....
current likelihood: -13.917692310665817
current error: 0.0034292073021156, 0.11823451038898192
 ===== EM-algorithm: iteration 58 =====
finished type 1....
finished type 2....
finished type 3....
finished type 4....
finished type 5....
current likelihood: -13.914678229098511
current error: 0.0030140815673060928, 0.15328665521676843
 ===== EM-algorithm: iteration 59 =====
finished type 1....
finished type 2....
finished type 3....
finished type 4....
finished type 5....
current likelihood: -13.91271356178055
current error: 0.0019646673179618546, 0.1764249566552749
 ===== EM-algorithm: iteration 60 =====
finished type 1....
finished type 2....
finished type 3....
finished type 4....
finished type 5....
current likelihood: -13.908953100122096
current error: 0.003760461658453451, 0.12192977327281884
 ===== EM-algorithm: iteration 61 =====
finished type 1....
finished type 2....
finished type 3....
finished type 4....
finished type 5....
current likelihood: -13.905497188931392
current error: 0.0034559111907039863, 0.20601873616353839
 ===== EM-algorithm: iteration 62 =====
finished type 1....
finished type 2....
finished type 3....
finished type 4....
finished type 5....
current likelihood: -13.90292537148415
current error: 0.0025718174472419975, 0.39281229960886765
 ===== EM-algorithm: iteration 63 =====
finished type 1....
finished type 2....
finished type 3....
finished type 4....
finished type 5....
current likelihood: -13.90078555208014
current error: 0.0021398194040092022, 0.2626191375906215
 ===== EM-algorithm: iteration 64 =====
finished type 1....
finished type 2....
finished type 3....
finished type 4....
finished type 5....
current likelihood: -13.899350128884711
current error: 0.0014354231954296637, 0.23102781355122115
 ===== EM-algorithm: iteration 65 =====
finished type 1....
finished type 2....
finished type 3....
finished type 4....
finished type 5....
current likelihood: -13.89761822670105
current error: 0.0017319021836605941, 0.24272240903669928
 ===== EM-algorithm: iteration 66 =====
finished type 1....
finished type 2....
finished type 3....
finished type 4....
finished type 5....
current likelihood: -13.896471331171888
current error: 0.0011468955291622507, 0.26308965562015185
 ===== EM-algorithm: iteration 67 =====
finished type 1....
finished type 2....
finished type 3....
finished type 4....
finished type 5....
current likelihood: -13.894108911599275
current error: 0.0023624195726128505, 0.24168152047182456
 ===== EM-algorithm: iteration 68 =====
finished type 1....
finished type 2....
finished type 3....
finished type 4....
finished type 5....
current likelihood: -13.892878532310256
current error: 0.0012303792890193677, 0.21703301860797186
 ===== EM-algorithm: iteration 69 =====
finished type 1....
finished type 2....
finished type 3....
finished type 4....
finished type 5....
current likelihood: -13.891653925932644
current error: 0.0012246063776117921, 0.18051972103369884
 ===== EM-algorithm: iteration 70 =====
finished type 1....
finished type 2....
finished type 3....
finished type 4....
finished type 5....
current likelihood: -13.890021059470351
current error: 0.0016328664622928812, 0.15835184047568696
 ===== EM-algorithm: iteration 71 =====
finished type 1....
finished type 2....
finished type 3....
finished type 4....
finished type 5....
current likelihood: -13.888228369466534
current error: 0.001792690003817654, 0.1329350630826207
 ===== EM-algorithm: iteration 72 =====
finished type 1....
finished type 2....
finished type 3....
finished type 4....
finished type 5....
current likelihood: -13.886769893274765
current error: 0.0014584761917681988, 0.1107979858415673
 ===== EM-algorithm: iteration 73 =====
finished type 1....
finished type 2....
finished type 3....
finished type 4....
finished type 5....
current likelihood: -13.884752996820172
current error: 0.0020168964545934642, 0.1015741979312832
 ===== EM-algorithm: iteration 74 =====
finished type 1....
finished type 2....
finished type 3....
finished type 4....
finished type 5....
current likelihood: -13.883648274509373
current error: 0.0011047223107993887, 0.09308213490056749
 ===== EM-algorithm: iteration 75 =====
finished type 1....
finished type 2....
finished type 3....
finished type 4....
finished type 5....
current likelihood: -13.882711208389622
current error: 0.0009370661197500851, 0.08467540424549336
 ===== EM-algorithm: iteration 76 =====
finished type 1....
finished type 2....
finished type 3....
finished type 4....
finished type 5....
current likelihood: -13.881193530200582
current error: 0.0015176781890406943, 0.07993550131226002
 ===== EM-algorithm: iteration 77 =====
finished type 1....
finished type 2....
finished type 3....
finished type 4....
finished type 5....
current likelihood: -13.879790676449227
current error: 0.0014028537513546269, 0.0799039081955466
 ===== EM-algorithm: iteration 78 =====
finished type 1....
finished type 2....
finished type 3....
finished type 4....
finished type 5....
current likelihood: -13.879033852974478
current error: 0.0007568234747488134, 0.07267182503061065
 ===== EM-algorithm: iteration 79 =====
finished type 1....
finished type 2....
finished type 3....
finished type 4....
finished type 5....
current likelihood: -13.877804412725224
current error: 0.00122944024925431, 0.07047412560249988
 ===== EM-algorithm: iteration 80 =====
finished type 1....
finished type 2....
finished type 3....
finished type 4....
finished type 5....
current likelihood: -13.876539760591234
current error: 0.001264652133990296, 0.0700980041645658
 ===== EM-algorithm: iteration 81 =====
finished type 1....
finished type 2....
finished type 3....
finished type 4....
finished type 5....
current likelihood: -13.875847232348779
current error: 0.0006925282424550261, 0.06579861532719278
 ===== EM-algorithm: iteration 82 =====
finished type 1....
finished type 2....
finished type 3....
finished type 4....
finished type 5....
current likelihood: -13.875269356736247
current error: 0.000577875612531642, 0.06208537719188767
 ===== EM-algorithm: iteration 83 =====
finished type 1....
finished type 2....
finished type 3....
finished type 4....
finished type 5....
current likelihood: -13.874715029042768
current error: 0.00055432769347874, 0.05878558709392845
 ===== EM-algorithm: iteration 84 =====
finished type 1....
finished type 2....
finished type 3....
finished type 4....
finished type 5....
current likelihood: -13.874161952663126
current error: 0.0005530763796421923, 0.055754140732746205
 ===== EM-algorithm: iteration 85 =====
finished type 1....
finished type 2....
finished type 3....
finished type 4....
finished type 5....
current likelihood: -13.873638493872184
current error: 0.0005234587909423993, 0.05310107610425163
 ===== EM-algorithm: iteration 86 =====
finished type 1....
finished type 2....
finished type 3....
finished type 4....
finished type 5....
current likelihood: -13.873153050368007
current error: 0.0004854435041767857, 0.050651954255278575
 ===== EM-algorithm: iteration 87 =====
finished type 1....
finished type 2....
finished type 3....
finished type 4....
finished type 5....
current likelihood: -13.872552481942243
current error: 0.0006005684257637256, 0.048312948656253685
 ===== EM-algorithm: iteration 88 =====
finished type 1....
finished type 2....
finished type 3....
finished type 4....
finished type 5....
current likelihood: -13.871611692694787
current error: 0.0009407892474566637, 0.04601566404372415
 ===== EM-algorithm: iteration 89 =====
finished type 1....
finished type 2....
finished type 3....
finished type 4....
finished type 5....
current likelihood: -13.870829633034331
current error: 0.0007820596604553032, 0.04392344105961765
 ===== EM-algorithm: iteration 90 =====
finished type 1....
finished type 2....
finished type 3....
finished type 4....
finished type 5....
current likelihood: -13.87038219665664
current error: 0.0004474363776907353, 0.04210149416430431
 ===== EM-algorithm: iteration 91 =====
finished type 1....
finished type 2....
finished type 3....
finished type 4....
finished type 5....
current likelihood: -13.86991463278518
current error: 0.00046756387146018596, 0.0403723849804436
 ===== EM-algorithm: iteration 92 =====
finished type 1....
finished type 2....
finished type 3....
finished type 4....
finished type 5....
current likelihood: -13.869486150797869
current error: 0.00042848198731171294, 0.03896522093951971
 ===== EM-algorithm: iteration 93 =====
finished type 1....
finished type 2....
finished type 3....
finished type 4....
finished type 5....
current likelihood: -13.869076071880167
current error: 0.00041007891770128424, 0.037747498313039696
 ===== EM-algorithm: iteration 94 =====
finished type 1....
finished type 2....
finished type 3....
finished type 4....
finished type 5....
current likelihood: -13.868683150529531
current error: 0.0003929213506363993, 0.03659582208355516
 ===== EM-algorithm: iteration 95 =====
finished type 1....
finished type 2....
finished type 3....
finished type 4....
finished type 5....
current likelihood: -13.868272349451528
current error: 0.00041080107800262056, 0.03548408854351326
 ===== EM-algorithm: iteration 96 =====
finished type 1....
finished type 2....
finished type 3....
finished type 4....
finished type 5....
current likelihood: -13.867893695429805
current error: 0.00037865402172343465, 0.03448218028337635
 ===== EM-algorithm: iteration 97 =====
finished type 1....
finished type 2....
finished type 3....
finished type 4....
finished type 5....
current likelihood: -13.867513148767463
current error: 0.00038054666234188517, 0.033506411892740395
 ===== EM-algorithm: iteration 98 =====
finished type 1....
finished type 2....
finished type 3....
finished type 4....
finished type 5....
current likelihood: -13.86715037448892
current error: 0.00036277427854258804, 0.032570216635658955
 ===== EM-algorithm: iteration 99 =====
finished type 1....
finished type 2....
finished type 3....
finished type 4....
finished type 5....
current likelihood: -13.866784622376466
current error: 0.00036575211245448713, 0.03168090945026991
 ===== EM-algorithm: iteration 100 =====
finished type 1....
finished type 2....
finished type 3....
finished type 4....
finished type 5....
current likelihood: -13.866414217153952
current error: 0.0003704052225135257, 0.03083678138582968
 ===== EM-algorithm: iteration 101 =====
finished type 1....
finished type 2....
finished type 3....
finished type 4....
finished type 5....
current likelihood: -13.86605128252179
current error: 0.000362934632162748, 0.030155113473118167
 ===== EM-algorithm: iteration 102 =====
finished type 1....
finished type 2....
finished type 3....
finished type 4....
finished type 5....
current likelihood: -13.865714057030809
current error: 0.0003372254909805861, 0.029403184730521392
 ===== EM-algorithm: iteration 103 =====
finished type 1....
finished type 2....
finished type 3....
finished type 4....
finished type 5....
current likelihood: -13.865383680211693
current error: 0.0003303768191162959, 0.028664893578218997
 ===== EM-algorithm: iteration 104 =====
finished type 1....
finished type 2....
finished type 3....
finished type 4....
finished type 5....
current likelihood: -13.864990904553933
current error: 0.0003927756577599695, 0.027999629322484232
 ===== EM-algorithm: iteration 105 =====
finished type 1....
finished type 2....
finished type 3....
finished type 4....
finished type 5....
current likelihood: -13.864668739094018
current error: 0.0003221654599148138, 0.027385025884394842
 ===== EM-algorithm: iteration 106 =====
finished type 1....
finished type 2....
finished type 3....
finished type 4....
finished type 5....
current likelihood: -13.864355346831902
current error: 0.00031339226211635207, 0.026735021422462424
 ===== EM-algorithm: iteration 107 =====
finished type 1....
finished type 2....
finished type 3....
finished type 4....
finished type 5....
current likelihood: -13.86401609399119
current error: 0.00033925284071223416, 0.02611093932749542
 ===== EM-algorithm: iteration 108 =====
finished type 1....
finished type 2....
finished type 3....
finished type 4....
finished type 5....
current likelihood: -13.863681794067347
current error: 0.0003342999238427069, 0.025554528599446513
 ===== EM-algorithm: iteration 109 =====
finished type 1....
finished type 2....
finished type 3....
finished type 4....
finished type 5....
current likelihood: -13.863356754601728
current error: 0.00032503946561845964, 0.024985608742715826
 ===== EM-algorithm: iteration 110 =====
finished type 1....
finished type 2....
finished type 3....
finished type 4....
finished type 5....
current likelihood: -13.86306043776888
current error: 0.00029631683284847554, 0.024503105033495842
 ===== EM-algorithm: iteration 111 =====
finished type 1....
finished type 2....
finished type 3....
finished type 4....
finished type 5....
current likelihood: -13.862749163326033
current error: 0.00031127444284706485, 0.023976714057353465
 ===== EM-algorithm: iteration 112 =====
finished type 1....
finished type 2....
finished type 3....
finished type 4....
finished type 5....
current likelihood: -13.862440587160476
current error: 0.0003085761655565733, 0.023502048648144314
 ===== EM-algorithm: iteration 113 =====
finished type 1....
finished type 2....
finished type 3....
finished type 4....
finished type 5....
current likelihood: -13.862139863514699
current error: 0.00030072364577726773, 0.023031910457638638
 ===== EM-algorithm: iteration 114 =====
finished type 1....
finished type 2....
finished type 3....
finished type 4....
finished type 5....
current likelihood: -13.861790871502008
current error: 0.0003489920126913404, 0.022559691403497784
 ===== EM-algorithm: iteration 115 =====
finished type 1....
finished type 2....
finished type 3....
finished type 4....
finished type 5....
current likelihood: -13.861361487599893
current error: 0.00042938390211411104, 0.022099067848942333
 ===== EM-algorithm: iteration 116 =====
finished type 1....
finished type 2....
finished type 3....
finished type 4....
finished type 5....
current likelihood: -13.860902918409662
current error: 0.0004585691902310174, 0.021762270134589645
 ===== EM-algorithm: iteration 117 =====
finished type 1....
finished type 2....
finished type 3....
finished type 4....
finished type 5....
current likelihood: -13.860529467324533
current error: 0.00037345108512987224, 0.021462000200110243
 ===== EM-algorithm: iteration 118 =====
finished type 1....
finished type 2....
finished type 3....
finished type 4....
finished type 5....
current likelihood: -13.860224790029578
current error: 0.00030467729495420315, 0.021017415964806663
 ===== EM-algorithm: iteration 119 =====
finished type 1....
finished type 2....
finished type 3....
finished type 4....
finished type 5....
current likelihood: -13.85993005372407
current error: 0.0002947363055074703, 0.02048612073417555
 ===== EM-algorithm: iteration 120 =====
finished type 1....
finished type 2....
finished type 3....
finished type 4....
finished type 5....
current likelihood: -13.85964785114398
current error: 0.00028220258009170607, 0.019939200811042834
 ===== EM-algorithm: iteration 121 =====
finished type 1....
finished type 2....
finished type 3....
finished type 4....
finished type 5....
current likelihood: -13.859382691217306
current error: 0.0002651599266734195, 0.019480832246552282
 ===== EM-algorithm: iteration 122 =====
finished type 1....
finished type 2....
finished type 3....
finished type 4....
finished type 5....
current likelihood: -13.859113838777146
current error: 0.00026885244015950605, 0.01900753969335689
 ===== EM-algorithm: iteration 123 =====
finished type 1....
finished type 2....
finished type 3....
finished type 4....
finished type 5....
current likelihood: -13.85885673418368
current error: 0.00025710459346584, 0.01861198170169942
 ===== EM-algorithm: iteration 124 =====
finished type 1....
finished type 2....
finished type 3....
finished type 4....
finished type 5....
current likelihood: -13.858596984234879
current error: 0.00025974994880151314, 0.0182072565839988
 ===== EM-algorithm: iteration 125 =====
finished type 1....
finished type 2....
finished type 3....
finished type 4....
finished type 5....
current likelihood: -13.85830974949839
current error: 0.0002872347364881733, 0.01773413240911692
 ===== EM-algorithm: iteration 126 =====
finished type 1....
finished type 2....
finished type 3....
finished type 4....
finished type 5....
current likelihood: -13.858055693546538
current error: 0.0002540559518529051, 0.017491321374913937
 ===== EM-algorithm: iteration 127 =====
finished type 1....
finished type 2....
finished type 3....
finished type 4....
finished type 5....
current likelihood: -13.857778170571068
current error: 0.0002775229754696795, 0.017085731368980284
 ===== EM-algorithm: iteration 128 =====
finished type 1....
finished type 2....
finished type 3....
finished type 4....
finished type 5....
current likelihood: -13.857523352703078
current error: 0.000254817867990198, 0.01679054744450248
 ===== EM-algorithm: iteration 129 =====
finished type 1....
finished type 2....
finished type 3....
finished type 4....
finished type 5....
current likelihood: -13.857271891831942
current error: 0.0002514608711354782, 0.01649495495019626
 ===== EM-algorithm: iteration 130 =====
finished type 1....
finished type 2....
finished type 3....
finished type 4....
finished type 5....
current likelihood: -13.857016331219759
current error: 0.0002555606121834586, 0.016160963686446816
 ===== EM-algorithm: iteration 131 =====
finished type 1....
finished type 2....
finished type 3....
finished type 4....
finished type 5....
current likelihood: -13.856768768279878
current error: 0.0002475629398812629, 0.015879780299093538
 ===== EM-algorithm: iteration 132 =====
finished type 1....
finished type 2....
finished type 3....
finished type 4....
finished type 5....
current likelihood: -13.856516112166622
current error: 0.0002526561132558669, 0.015516240879584142
 ===== EM-algorithm: iteration 133 =====
finished type 1....
finished type 2....
finished type 3....
finished type 4....
finished type 5....
current likelihood: -13.856287907219162
current error: 0.00022820494745978692, 0.015313272230986996
 ===== EM-algorithm: iteration 134 =====
finished type 1....
finished type 2....
finished type 3....
finished type 4....
finished type 5....
current likelihood: -13.856012617555548
current error: 0.000275289663614231, 0.014885805660702411
 ===== EM-algorithm: iteration 135 =====
finished type 1....
finished type 2....
finished type 3....
finished type 4....
finished type 5....
current likelihood: -13.8557783667611
current error: 0.00023425079444727714, 0.014692322171625749
 ===== EM-algorithm: iteration 136 =====
finished type 1....
finished type 2....
finished type 3....
finished type 4....
finished type 5....
current likelihood: -13.855555716873027
current error: 0.00022264988807307873, 0.014442748966495778
 ===== EM-algorithm: iteration 137 =====
finished type 1....
finished type 2....
finished type 3....
finished type 4....
finished type 5....
current likelihood: -13.855320845479685
slurmstepd: error: *** JOB 24493307 ON acn15 CANCELLED AT 2024-10-03T18:29:45 DUE TO TIME LIMIT ***
