Sampling (10 threads)   0%|                             |  ETA: N/A
┌ Info: Found initial step size
└   ϵ = 0.00078125
┌ Info: Found initial step size
└   ϵ = 0.00078125
┌ Info: Found initial step size
└   ϵ = 0.0015625
┌ Info: Found initial step size
└   ϵ = 0.0015625
┌ Info: Found initial step size
└   ϵ = 0.0015625
┌ Info: Found initial step size
└   ϵ = 0.0015625
┌ Info: Found initial step size
└   ϵ = 0.0015625
┌ Info: Found initial step size
└   ϵ = 9.765625e-5
┌ Info: Found initial step size
└   ϵ = 0.00078125
┌ Info: Found initial step size
└   ϵ = 0.0015625
Sampling (10 threads)  10%|██▉                          |  ETA: 0:29:13
Sampling (10 threads)  20%|█████▊                       |  ETA: 0:12:59
Sampling (10 threads)  30%|████████▊                    |  ETA: 0:07:35
Sampling (10 threads)  40%|███████████▋                 |  ETA: 0:05:14
Sampling (10 threads)  50%|██████████████▌              |  ETA: 0:03:32
Sampling (10 threads)  60%|█████████████████▍           |  ETA: 0:02:32
Sampling (10 threads)  70%|████████████████████▎        |  ETA: 0:01:49
Sampling (10 threads)  80%|███████████████████████▎     |  ETA: 0:01:06
Sampling (10 threads)  90%|██████████████████████████▏  |  ETA: 0:00:30
Sampling (10 threads) 100%|█████████████████████████████| Time: 0:05:06
Sampling (10 threads) 100%|█████████████████████████████| Time: 0:05:06
Sampling (10 threads)   0%|                             |  ETA: N/A
┌ Info: Found initial step size
└   ϵ = 0.003125
┌ Info: Found initial step size
└   ϵ = 0.0015625
┌ Info: Found initial step size
└   ϵ = 0.000390625
┌ Info: Found initial step size
└   ϵ = 0.0015625
┌ Info: Found initial step size
└   ϵ = 0.00078125
┌ Info: Found initial step size
└   ϵ = 0.0015625
┌ Info: Found initial step size
└   ϵ = 0.00078125
┌ Info: Found initial step size
└   ϵ = 0.0001953125
┌ Info: Found initial step size
└   ϵ = 0.003125
┌ Info: Found initial step size
└   ϵ = 0.0015625
Sampling (10 threads)  10%|██▉                          |  ETA: 0:22:35
Sampling (10 threads)  20%|█████▊                       |  ETA: 0:10:02
Sampling (10 threads)  30%|████████▊                    |  ETA: 0:05:51
Sampling (10 threads)  40%|███████████▋                 |  ETA: 0:03:46
Sampling (10 threads)  50%|██████████████▌              |  ETA: 0:02:31
Sampling (10 threads)  60%|█████████████████▍           |  ETA: 0:01:43
Sampling (10 threads)  70%|████████████████████▎        |  ETA: 0:01:12
Sampling (10 threads)  80%|███████████████████████▎     |  ETA: 0:00:42
Sampling (10 threads)  90%|██████████████████████████▏  |  ETA: 0:00:19
Sampling (10 threads) 100%|█████████████████████████████| Time: 0:04:44
Sampling (10 threads) 100%|█████████████████████████████| Time: 0:04:44
Sampling (10 threads)   0%|                             |  ETA: N/A
┌ Info: Found initial step size
└   ϵ = 0.0015625
┌ Info: Found initial step size
└   ϵ = 0.000390625
┌ Info: Found initial step size
└   ϵ = 0.003125
┌ Info: Found initial step size
└   ϵ = 0.00078125
┌ Info: Found initial step size
└   ϵ = 0.00625
┌ Info: Found initial step size
└   ϵ = 0.00078125
┌ Info: Found initial step size
└   ϵ = 0.0015625
┌ Info: Found initial step size
└   ϵ = 0.00078125
┌ Info: Found initial step size
└   ϵ = 0.000390625
┌ Info: Found initial step size
└   ϵ = 0.003125
Sampling (10 threads)  10%|██▉                          |  ETA: 4:32:05
Sampling (10 threads)  20%|█████▊                       |  ETA: 2:00:56
Sampling (10 threads)  30%|████████▊                    |  ETA: 1:10:32
Sampling (10 threads)  40%|███████████▋                 |  ETA: 0:45:21
Sampling (10 threads)  50%|██████████████▌              |  ETA: 0:30:14
Sampling (10 threads)  60%|█████████████████▍           |  ETA: 0:20:09
Sampling (10 threads)  70%|████████████████████▎        |  ETA: 0:12:57
Sampling (10 threads)  80%|███████████████████████▎     |  ETA: 0:08:42
Sampling (10 threads)  90%|██████████████████████████▏  |  ETA: 0:04:56
Sampling (10 threads) 100%|█████████████████████████████| Time: 0:48:49
Sampling (10 threads) 100%|█████████████████████████████| Time: 0:48:49
Sampling (10 threads)   0%|                             |  ETA: N/A
┌ Info: Found initial step size
└   ϵ = 0.00625
┌ Info: Found initial step size
└   ϵ = 0.0015625
┌ Info: Found initial step size
└   ϵ = 0.00078125
┌ Info: Found initial step size
└   ϵ = 0.003125
┌ Info: Found initial step size
└   ϵ = 0.000390625
┌ Info: Found initial step size
└   ϵ = 0.0015625
┌ Info: Found initial step size
└   ϵ = 0.00078125
┌ Info: Found initial step size
└   ϵ = 0.00078125
┌ Info: Found initial step size
└   ϵ = 0.003125
┌ Info: Found initial step size
└   ϵ = 0.0015625
Sampling (10 threads)  10%|██▉                          |  ETA: 1:22:20
Sampling (10 threads)  20%|█████▊                       |  ETA: 0:36:36
Sampling (10 threads)  30%|████████▊                    |  ETA: 0:21:21
Sampling (10 threads)  40%|███████████▋                 |  ETA: 0:21:55
Sampling (10 threads)  50%|██████████████▌              |  ETA: 0:19:39
Sampling (10 threads)  60%|█████████████████▍           |  ETA: 0:13:28
Sampling (10 threads)  70%|████████████████████▎        |  ETA: 0:10:12
Sampling (10 threads)  80%|███████████████████████▎     |  ETA: 0:06:45
Sampling (10 threads)  90%|██████████████████████████▏  |  ETA: 0:03:13
Sampling (10 threads) 100%|█████████████████████████████| Time: 0:40:34
Sampling (10 threads) 100%|█████████████████████████████| Time: 0:40:34
Sampling (10 threads)   0%|                             |  ETA: N/A
┌ Info: Found initial step size
└   ϵ = 0.0015625
┌ Info: Found initial step size
└   ϵ = 0.00625
┌ Info: Found initial step size
└   ϵ = 0.0015625
┌ Info: Found initial step size
└   ϵ = 0.003125
┌ Info: Found initial step size
└   ϵ = 0.0001953125
┌ Info: Found initial step size
└   ϵ = 0.000390625
┌ Info: Found initial step size
└   ϵ = 0.00078125
┌ Info: Found initial step size
└   ϵ = 0.0001953125
┌ Info: Found initial step size
└   ϵ = 0.00078125
┌ Info: Found initial step size
└   ϵ = 0.00078125
Sampling (10 threads)  10%|██▉                          |  ETA: 0:21:41
Sampling (10 threads)  20%|█████▊                       |  ETA: 0:09:38
Sampling (10 threads)  30%|████████▊                    |  ETA: 0:05:37
Sampling (10 threads)  40%|███████████▋                 |  ETA: 0:03:37
Sampling (10 threads)  50%|██████████████▌              |  ETA: 0:02:25
Sampling (10 threads)  60%|█████████████████▍           |  ETA: 0:01:36
Sampling (10 threads)  70%|████████████████████▎        |  ETA: 0:01:02
Sampling (10 threads)  80%|███████████████████████▎     |  ETA: 0:00:36
Sampling (10 threads)  90%|██████████████████████████▏  |  ETA: 0:00:16
Sampling (10 threads) 100%|█████████████████████████████| Time: 0:02:25
Sampling (10 threads) 100%|█████████████████████████████| Time: 0:02:25
Sampling (10 threads)   0%|                             |  ETA: N/A
┌ Info: Found initial step size
└   ϵ = 0.000390625
┌ Info: Found initial step size
└   ϵ = 0.0001953125
┌ Info: Found initial step size
└   ϵ = 0.0015625
┌ Info: Found initial step size
└   ϵ = 0.0001953125
┌ Info: Found initial step size
└   ϵ = 0.0015625
┌ Info: Found initial step size
└   ϵ = 0.003125
┌ Info: Found initial step size
└   ϵ = 0.00078125
┌ Info: Found initial step size
└   ϵ = 0.00078125
┌ Info: Found initial step size
└   ϵ = 0.0015625
┌ Info: Found initial step size
└   ϵ = 0.003125
Sampling (10 threads)  10%|██▉                          |  ETA: 0:18:28
Sampling (10 threads)  20%|█████▊                       |  ETA: 0:08:13
Sampling (10 threads)  30%|████████▊                    |  ETA: 0:04:57
Sampling (10 threads)  40%|███████████▋                 |  ETA: 0:03:18
Sampling (10 threads)  50%|██████████████▌              |  ETA: 0:02:12
Sampling (10 threads)  60%|█████████████████▍           |  ETA: 0:01:29
Sampling (10 threads)  70%|████████████████████▎        |  ETA: 0:00:58
Sampling (10 threads)  80%|███████████████████████▎     |  ETA: 0:00:34
Sampling (10 threads)  90%|██████████████████████████▏  |  ETA: 0:00:17
Sampling (10 threads) 100%|█████████████████████████████| Time: 0:02:53
Sampling (10 threads) 100%|█████████████████████████████| Time: 0:02:53
